<?xml version="1.0" encoding="UTF-8"?>
<checkstyle version="13.1.0">
<file name="C:\Users\galli\Desktop\ProgettoSnake\snake-runner\src\main\java\snakerunner\audio\AudioPlayer.java">
<error line="3" column="15" severity="error" message="Using the &apos;.*&apos; form of import should be avoided - java.io.*." source="com.puppycrawl.tools.checkstyle.checks.imports.AvoidStarImportCheck"/>
<error line="9" column="1" severity="error" message="Utility classes should not have a public or default constructor." source="com.puppycrawl.tools.checkstyle.checks.design.HideUtilityClassConstructorCheck"/>
<error line="9" column="1" severity="error" message="Missing a Javadoc comment." source="com.puppycrawl.tools.checkstyle.checks.javadoc.MissingJavadocTypeCheck"/>
<error line="14" column="5" severity="error" message="Missing a Javadoc comment." source="com.puppycrawl.tools.checkstyle.checks.javadoc.MissingJavadocMethodCheck"/>
<error line="14" column="25" severity="error" message="&apos;{&apos; is not followed by whitespace." source="com.puppycrawl.tools.checkstyle.checks.whitespace.WhitespaceAroundCheck"/>
<error line="14" column="25" severity="error" message="&apos;{&apos; is not preceded with whitespace." source="com.puppycrawl.tools.checkstyle.checks.whitespace.WhitespaceAroundCheck"/>
<error line="14" column="26" severity="error" message="&apos;}&apos; is not preceded with whitespace." source="com.puppycrawl.tools.checkstyle.checks.whitespace.WhitespaceAroundCheck"/>
<error line="16" column="5" severity="error" message="Missing a Javadoc comment." source="com.puppycrawl.tools.checkstyle.checks.javadoc.MissingJavadocMethodCheck"/>
<error line="20" column="5" severity="error" message="Missing a Javadoc comment." source="com.puppycrawl.tools.checkstyle.checks.javadoc.MissingJavadocMethodCheck"/>
<error line="24" column="5" severity="error" message="Missing a Javadoc comment." source="com.puppycrawl.tools.checkstyle.checks.javadoc.MissingJavadocMethodCheck"/>
<error line="31" column="13" severity="error" message="&apos;(&apos; is followed by whitespace." source="com.puppycrawl.tools.checkstyle.checks.whitespace.ParenPadCheck"/>
<error line="49" column="15" severity="error" message="Catching &apos;Exception&apos; is not allowed." source="com.puppycrawl.tools.checkstyle.checks.coding.IllegalCatchCheck"/>
<error line="49" column="32" severity="error" message="Variable &apos;e&apos; should be declared final." source="com.puppycrawl.tools.checkstyle.checks.coding.FinalLocalVariableCheck"/>
</file>
<file name="C:\Users\galli\Desktop\ProgettoSnake\snake-runner\src\main\java\snakerunner\commons\Point2D.java">
<error line="5" severity="error" message="Javadoc tag &apos;@param&apos; should be preceded with an empty line." source="com.puppycrawl.tools.checkstyle.checks.javadoc.RequireEmptyLineBeforeBlockTagGroupCheck"/>
<error line="14" severity="error" message="Javadoc tag &apos;@param&apos; should be preceded with an empty line." source="com.puppycrawl.tools.checkstyle.checks.javadoc.RequireEmptyLineBeforeBlockTagGroupCheck"/>
<error line="24" severity="error" message="Javadoc tag &apos;@return&apos; should be preceded with an empty line." source="com.puppycrawl.tools.checkstyle.checks.javadoc.RequireEmptyLineBeforeBlockTagGroupCheck"/>
<error line="32" severity="error" message="Javadoc tag &apos;@return&apos; should be preceded with an empty line." source="com.puppycrawl.tools.checkstyle.checks.javadoc.RequireEmptyLineBeforeBlockTagGroupCheck"/>
<error line="40" severity="error" message="Javadoc tag &apos;@param&apos; should be preceded with an empty line." source="com.puppycrawl.tools.checkstyle.checks.javadoc.RequireEmptyLineBeforeBlockTagGroupCheck"/>
<error line="48" severity="error" message="Javadoc tag &apos;@param&apos; should be preceded with an empty line." source="com.puppycrawl.tools.checkstyle.checks.javadoc.RequireEmptyLineBeforeBlockTagGroupCheck"/>
<error line="56" severity="error" message="Javadoc tag &apos;@param&apos; should be preceded with an empty line." source="com.puppycrawl.tools.checkstyle.checks.javadoc.RequireEmptyLineBeforeBlockTagGroupCheck"/>
<error line="59" column="29" severity="error" message="&apos;x&apos; hides a field." source="com.puppycrawl.tools.checkstyle.checks.coding.HiddenFieldCheck"/>
<error line="59" column="40" severity="error" message="&apos;y&apos; hides a field." source="com.puppycrawl.tools.checkstyle.checks.coding.HiddenFieldCheck"/>
<error line="66" severity="error" message="Javadoc tag &apos;@param&apos; should be preceded with an empty line." source="com.puppycrawl.tools.checkstyle.checks.javadoc.RequireEmptyLineBeforeBlockTagGroupCheck"/>
<error line="102" severity="error" message="Javadoc tag &apos;@return&apos; should be preceded with an empty line." source="com.puppycrawl.tools.checkstyle.checks.javadoc.RequireEmptyLineBeforeBlockTagGroupCheck"/>
<error line="115" severity="error" message="Javadoc tag &apos;@return&apos; should be preceded with an empty line." source="com.puppycrawl.tools.checkstyle.checks.javadoc.RequireEmptyLineBeforeBlockTagGroupCheck"/>
<error line="124" severity="error" message="Javadoc tag &apos;@return&apos; should be preceded with an empty line." source="com.puppycrawl.tools.checkstyle.checks.javadoc.RequireEmptyLineBeforeBlockTagGroupCheck"/>
</file>
<file name="C:\Users\galli\Desktop\ProgettoSnake\snake-runner\src\main\java\snakerunner\controller\Controller.java">
<error line="13" column="1" severity="error" message="Missing a Javadoc comment." source="com.puppycrawl.tools.checkstyle.checks.javadoc.MissingJavadocTypeCheck"/>
<error line="15" severity="error" message="First sentence should end with a period." source="com.puppycrawl.tools.checkstyle.checks.javadoc.JavadocStyleCheck"/>
<error line="25" severity="error" message="First sentence should end with a period." source="com.puppycrawl.tools.checkstyle.checks.javadoc.JavadocStyleCheck"/>
<error line="30" severity="error" message="First sentence should end with a period." source="com.puppycrawl.tools.checkstyle.checks.javadoc.JavadocStyleCheck"/>
<error line="35" column="5" severity="error" message="Missing a Javadoc comment." source="com.puppycrawl.tools.checkstyle.checks.javadoc.MissingJavadocMethodCheck"/>
<error line="37" severity="error" message="First sentence should end with a period." source="com.puppycrawl.tools.checkstyle.checks.javadoc.JavadocStyleCheck"/>
<error line="40" severity="error" message="At-clause should have a non-empty description." source="com.puppycrawl.tools.checkstyle.checks.javadoc.NonEmptyAtclauseDescriptionCheck"/>
<error line="42" severity="error" message="@return tag should be present and have description." source="com.puppycrawl.tools.checkstyle.checks.javadoc.JavadocMethodCheck"/>
<error line="44" severity="error" message="First sentence should end with a period." source="com.puppycrawl.tools.checkstyle.checks.javadoc.JavadocStyleCheck"/>
<error line="46" column="5" severity="error" message="Leading asterisk has incorrect indentation level 5, expected is 6." source="com.puppycrawl.tools.checkstyle.checks.javadoc.JavadocLeadingAsteriskAlignCheck"/>
<error line="47" severity="error" message="@return tag should be present and have description." source="com.puppycrawl.tools.checkstyle.checks.javadoc.JavadocMethodCheck"/>
<error line="49" severity="error" message="First sentence should end with a period." source="com.puppycrawl.tools.checkstyle.checks.javadoc.JavadocStyleCheck"/>
<error line="54" severity="error" message="First sentence should end with a period." source="com.puppycrawl.tools.checkstyle.checks.javadoc.JavadocStyleCheck"/>
<error line="57" severity="error" message="At-clause should have a non-empty description." source="com.puppycrawl.tools.checkstyle.checks.javadoc.NonEmptyAtclauseDescriptionCheck"/>
<error line="59" severity="error" message="@return tag should be present and have description." source="com.puppycrawl.tools.checkstyle.checks.javadoc.JavadocMethodCheck"/>
<error line="61" severity="error" message="First sentence should end with a period." source="com.puppycrawl.tools.checkstyle.checks.javadoc.JavadocStyleCheck"/>
<error line="66" severity="error" message="First sentence should end with a period." source="com.puppycrawl.tools.checkstyle.checks.javadoc.JavadocStyleCheck"/>
<error line="73" severity="error" message="First sentence should end with a period." source="com.puppycrawl.tools.checkstyle.checks.javadoc.JavadocStyleCheck"/>
<error line="78" severity="error" message="First sentence should end with a period." source="com.puppycrawl.tools.checkstyle.checks.javadoc.JavadocStyleCheck"/>
</file>
<file name="C:\Users\galli\Desktop\ProgettoSnake\snake-runner\src\main\java\snakerunner\controller\impl\ControllerImpl.java">
<error line="26" column="1" severity="error" message="Missing a Javadoc comment." source="com.puppycrawl.tools.checkstyle.checks.javadoc.MissingJavadocTypeCheck"/>
<error line="36" column="5" severity="error" message="Static variable definition in wrong order." source="com.puppycrawl.tools.checkstyle.checks.coding.DeclarationOrderCheck"/>
<error line="40" column="5" severity="error" message="Missing a Javadoc comment." source="com.puppycrawl.tools.checkstyle.checks.javadoc.MissingJavadocMethodCheck"/>
<error line="54" column="5" severity="error" message="Class &apos;ControllerImpl&apos; looks like designed for extension (can be subclassed), but the method &apos;init&apos; does not have javadoc that explains how to do that safely. If class is not designed for extension consider making the class &apos;ControllerImpl&apos; final or making the method &apos;init&apos; static/final/abstract/empty, or adding allowed annotation for the method." source="com.puppycrawl.tools.checkstyle.checks.design.DesignForExtensionCheck"/>
<error line="67" column="5" severity="error" message="Class &apos;ControllerImpl&apos; looks like designed for extension (can be subclassed), but the method &apos;onOption&apos; does not have javadoc that explains how to do that safely. If class is not designed for extension consider making the class &apos;ControllerImpl&apos; final or making the method &apos;onOption&apos; static/final/abstract/empty, or adding allowed annotation for the method." source="com.puppycrawl.tools.checkstyle.checks.design.DesignForExtensionCheck"/>
<error line="72" column="5" severity="error" message="Class &apos;ControllerImpl&apos; looks like designed for extension (can be subclassed), but the method &apos;start&apos; does not have javadoc that explains how to do that safely. If class is not designed for extension consider making the class &apos;ControllerImpl&apos; final or making the method &apos;start&apos; static/final/abstract/empty, or adding allowed annotation for the method." source="com.puppycrawl.tools.checkstyle.checks.design.DesignForExtensionCheck"/>
<error line="74" column="20" severity="error" message="&apos;60&apos; is a magic number." source="com.puppycrawl.tools.checkstyle.checks.coding.MagicNumberCheck"/>
<error line="84" column="5" severity="error" message="Class &apos;ControllerImpl&apos; looks like designed for extension (can be subclassed), but the method &apos;pause&apos; does not have javadoc that explains how to do that safely. If class is not designed for extension consider making the class &apos;ControllerImpl&apos; final or making the method &apos;pause&apos; static/final/abstract/empty, or adding allowed annotation for the method." source="com.puppycrawl.tools.checkstyle.checks.design.DesignForExtensionCheck"/>
<error line="94" column="5" severity="error" message="Class &apos;ControllerImpl&apos; looks like designed for extension (can be subclassed), but the method &apos;updateGame&apos; does not have javadoc that explains how to do that safely. If class is not designed for extension consider making the class &apos;ControllerImpl&apos; final or making the method &apos;updateGame&apos; static/final/abstract/empty, or adding allowed annotation for the method." source="com.puppycrawl.tools.checkstyle.checks.design.DesignForExtensionCheck"/>
<error line="117" column="5" severity="error" message="Class &apos;ControllerImpl&apos; looks like designed for extension (can be subclassed), but the method &apos;getObstacles&apos; does not have javadoc that explains how to do that safely. If class is not designed for extension consider making the class &apos;ControllerImpl&apos; final or making the method &apos;getObstacles&apos; static/final/abstract/empty, or adding allowed annotation for the method." source="com.puppycrawl.tools.checkstyle.checks.design.DesignForExtensionCheck"/>
<error line="122" column="5" severity="error" message="Class &apos;ControllerImpl&apos; looks like designed for extension (can be subclassed), but the method &apos;getCollectibles&apos; does not have javadoc that explains how to do that safely. If class is not designed for extension consider making the class &apos;ControllerImpl&apos; final or making the method &apos;getCollectibles&apos; static/final/abstract/empty, or adding allowed annotation for the method." source="com.puppycrawl.tools.checkstyle.checks.design.DesignForExtensionCheck"/>
<error line="127" column="5" severity="error" message="Class &apos;ControllerImpl&apos; looks like designed for extension (can be subclassed), but the method &apos;onBackMenu&apos; does not have javadoc that explains how to do that safely. If class is not designed for extension consider making the class &apos;ControllerImpl&apos; final or making the method &apos;onBackMenu&apos; static/final/abstract/empty, or adding allowed annotation for the method." source="com.puppycrawl.tools.checkstyle.checks.design.DesignForExtensionCheck"/>
<error line="132" column="5" severity="error" message="Class &apos;ControllerImpl&apos; looks like designed for extension (can be subclassed), but the method &apos;getModel&apos; does not have javadoc that explains how to do that safely. If class is not designed for extension consider making the class &apos;ControllerImpl&apos; final or making the method &apos;getModel&apos; static/final/abstract/empty, or adding allowed annotation for the method." source="com.puppycrawl.tools.checkstyle.checks.design.DesignForExtensionCheck"/>
<error line="137" column="5" severity="error" message="Class &apos;ControllerImpl&apos; looks like designed for extension (can be subclassed), but the method &apos;getView&apos; does not have javadoc that explains how to do that safely. If class is not designed for extension consider making the class &apos;ControllerImpl&apos; final or making the method &apos;getView&apos; static/final/abstract/empty, or adding allowed annotation for the method." source="com.puppycrawl.tools.checkstyle.checks.design.DesignForExtensionCheck"/>
<error line="141" severity="error" message="Line has trailing spaces." source="com.puppycrawl.tools.checkstyle.checks.regexp.RegexpSinglelineCheck"/>
<error line="142" column="5" severity="error" message="Class &apos;ControllerImpl&apos; looks like designed for extension (can be subclassed), but the method &apos;loadLevelFromFile&apos; does not have javadoc that explains how to do that safely. If class is not designed for extension consider making the class &apos;ControllerImpl&apos; final or making the method &apos;loadLevelFromFile&apos; static/final/abstract/empty, or adding allowed annotation for the method." source="com.puppycrawl.tools.checkstyle.checks.design.DesignForExtensionCheck"/>
<error line="143" column="35" severity="error" message="Parameter filePath should be final." source="com.puppycrawl.tools.checkstyle.checks.FinalParametersCheck"/>
<error line="143" column="42" severity="error" message="Variable &apos;filePath&apos; should be declared final." source="com.puppycrawl.tools.checkstyle.checks.coding.FinalLocalVariableCheck"/>
<error line="144" severity="error" message="Line has trailing spaces." source="com.puppycrawl.tools.checkstyle.checks.regexp.RegexpSinglelineCheck"/>
<error line="160" column="30" severity="error" message="Variable &apos;e&apos; should be declared final." source="com.puppycrawl.tools.checkstyle.checks.coding.FinalLocalVariableCheck"/>
<error line="164" severity="error" message="Line has trailing spaces." source="com.puppycrawl.tools.checkstyle.checks.regexp.RegexpSinglelineCheck"/>
<error line="166" column="5" severity="error" message="&apos;METHOD_DEF&apos; has more than 1 empty lines before." source="com.puppycrawl.tools.checkstyle.checks.whitespace.EmptyLineSeparatorCheck"/>
<error line="170" column="5" severity="error" message="Class &apos;ControllerImpl&apos; looks like designed for extension (can be subclassed), but the method &apos;exit&apos; does not have javadoc that explains how to do that safely. If class is not designed for extension consider making the class &apos;ControllerImpl&apos; final or making the method &apos;exit&apos; static/final/abstract/empty, or adding allowed annotation for the method." source="com.puppycrawl.tools.checkstyle.checks.design.DesignForExtensionCheck"/>
<error line="175" column="5" severity="error" message="Class &apos;ControllerImpl&apos; looks like designed for extension (can be subclassed), but the method &apos;resume&apos; does not have javadoc that explains how to do that safely. If class is not designed for extension consider making the class &apos;ControllerImpl&apos; final or making the method &apos;resume&apos; static/final/abstract/empty, or adding allowed annotation for the method." source="com.puppycrawl.tools.checkstyle.checks.design.DesignForExtensionCheck"/>
<error line="177" column="9" severity="error" message="&apos;if&apos; is not followed by whitespace." source="com.puppycrawl.tools.checkstyle.checks.whitespace.WhitespaceAfterCheck"/>
<error line="177" column="9" severity="error" message="&apos;if&apos; is not followed by whitespace." source="com.puppycrawl.tools.checkstyle.checks.whitespace.WhitespaceAroundCheck"/>
<error line="184" column="16" severity="error" message="Variable &apos;filePath&apos; should be declared final." source="com.puppycrawl.tools.checkstyle.checks.coding.FinalLocalVariableCheck"/>
</file>
<file name="C:\Users\galli\Desktop\ProgettoSnake\snake-runner\src\main\java\snakerunner\core\Game.java">
<error line="1" severity="error" message="Expected line ending for file is LF(\n), but CRLF(\r\n) is detected." source="com.puppycrawl.tools.checkstyle.checks.NewlineAtEndOfFileCheck"/>
<error line="1" severity="error" message="CRLF and CR line endings are prohibited, but this file uses them." source="com.puppycrawl.tools.checkstyle.checks.regexp.RegexpMultilineCheck"/>
<error line="4" column="1" severity="error" message="Missing a Javadoc comment." source="com.puppycrawl.tools.checkstyle.checks.javadoc.MissingJavadocTypeCheck"/>
<error line="5" severity="error" message="Line has trailing spaces." source="com.puppycrawl.tools.checkstyle.checks.regexp.RegexpSinglelineCheck"/>
</file>
<file name="C:\Users\galli\Desktop\ProgettoSnake\snake-runner\src\main\java\snakerunner\core\GameConfiguration.java">
<error line="1" severity="error" message="Expected line ending for file is LF(\n), but CRLF(\r\n) is detected." source="com.puppycrawl.tools.checkstyle.checks.NewlineAtEndOfFileCheck"/>
<error line="1" severity="error" message="CRLF and CR line endings are prohibited, but this file uses them." source="com.puppycrawl.tools.checkstyle.checks.regexp.RegexpMultilineCheck"/>
<error line="4" column="1" severity="error" message="Missing a Javadoc comment." source="com.puppycrawl.tools.checkstyle.checks.javadoc.MissingJavadocTypeCheck"/>
<error line="5" severity="error" message="Line has trailing spaces." source="com.puppycrawl.tools.checkstyle.checks.regexp.RegexpSinglelineCheck"/>
</file>
<file name="C:\Users\galli\Desktop\ProgettoSnake\snake-runner\src\main\java\snakerunner\core\GameLoop.java">
<error line="1" severity="error" message="Expected line ending for file is LF(\n), but CRLF(\r\n) is detected." source="com.puppycrawl.tools.checkstyle.checks.NewlineAtEndOfFileCheck"/>
<error line="1" severity="error" message="CRLF and CR line endings are prohibited, but this file uses them." source="com.puppycrawl.tools.checkstyle.checks.regexp.RegexpMultilineCheck"/>
<error line="2" column="1" severity="error" message="&apos;//&apos; should be separated from previous line." source="com.puppycrawl.tools.checkstyle.checks.whitespace.EmptyLineSeparatorCheck"/>
<error line="3" column="1" severity="error" message="Missing a Javadoc comment." source="com.puppycrawl.tools.checkstyle.checks.javadoc.MissingJavadocTypeCheck"/>
<error line="3" column="1" severity="error" message="&apos;CLASS_DEF&apos; should be separated from previous line." source="com.puppycrawl.tools.checkstyle.checks.whitespace.EmptyLineSeparatorCheck"/>
<error line="4" severity="error" message="Line has trailing spaces." source="com.puppycrawl.tools.checkstyle.checks.regexp.RegexpSinglelineCheck"/>
</file>
<file name="C:\Users\galli\Desktop\ProgettoSnake\snake-runner\src\main\java\snakerunner\core\Main.java">
<error line="4" column="1" severity="error" message="&apos;import&apos; has more than 1 empty lines before." source="com.puppycrawl.tools.checkstyle.checks.whitespace.EmptyLineSeparatorCheck"/>
<error line="11" column="1" severity="error" message="Missing a Javadoc comment." source="com.puppycrawl.tools.checkstyle.checks.javadoc.MissingJavadocTypeCheck"/>
<error line="13" column="19" severity="error" message="&apos;{&apos; is not followed by whitespace." source="com.puppycrawl.tools.checkstyle.checks.whitespace.WhitespaceAroundCheck"/>
<error line="13" column="19" severity="error" message="&apos;{&apos; is not preceded with whitespace." source="com.puppycrawl.tools.checkstyle.checks.whitespace.WhitespaceAroundCheck"/>
<error line="13" column="20" severity="error" message="&apos;}&apos; is not preceded with whitespace." source="com.puppycrawl.tools.checkstyle.checks.whitespace.WhitespaceAroundCheck"/>
<error line="15" column="5" severity="error" message="Missing a Javadoc comment." source="com.puppycrawl.tools.checkstyle.checks.javadoc.MissingJavadocMethodCheck"/>
<error line="20" severity="error" message="Line has trailing spaces." source="com.puppycrawl.tools.checkstyle.checks.regexp.RegexpSinglelineCheck"/>
</file>
<file name="C:\Users\galli\Desktop\ProgettoSnake\snake-runner\src\main\java\snakerunner\core\StateGame.java">
<error line="1" severity="error" message="File does not end with a newline." source="com.puppycrawl.tools.checkstyle.checks.NewlineAtEndOfFileCheck"/>
<error line="1" severity="error" message="CRLF and CR line endings are prohibited, but this file uses them." source="com.puppycrawl.tools.checkstyle.checks.regexp.RegexpMultilineCheck"/>
<error line="3" column="1" severity="error" message="Missing a Javadoc comment." source="com.puppycrawl.tools.checkstyle.checks.javadoc.MissingJavadocTypeCheck"/>
</file>
<file name="C:\Users\galli\Desktop\ProgettoSnake\snake-runner\src\main\java\snakerunner\graphics\hud\BaseHUD.java">
<error line="3" column="1" severity="error" message="Missing a Javadoc comment." source="com.puppycrawl.tools.checkstyle.checks.javadoc.MissingJavadocTypeCheck"/>
<error line="4" severity="error" message="Line has trailing spaces." source="com.puppycrawl.tools.checkstyle.checks.regexp.RegexpSinglelineCheck"/>
<error line="5" column="5" severity="error" message="Missing a Javadoc comment." source="com.puppycrawl.tools.checkstyle.checks.javadoc.MissingJavadocMethodCheck"/>
<error line="5" column="5" severity="error" message="Redundant &apos;public&apos; modifier." source="com.puppycrawl.tools.checkstyle.checks.modifier.RedundantModifierCheck"/>
</file>
<file name="C:\Users\galli\Desktop\ProgettoSnake\snake-runner\src\main\java\snakerunner\graphics\hud\BaseView.java">
<error line="7" severity="error" message="First sentence should end with a period." source="com.puppycrawl.tools.checkstyle.checks.javadoc.JavadocStyleCheck"/>
<error line="10" column="1" severity="error" message="Name &apos;BaseView&apos; must match pattern &apos;^Abstract.+$&apos;." source="com.puppycrawl.tools.checkstyle.checks.naming.AbstractClassNameCheck"/>
<error line="12" column="5" severity="error" message="Javadoc content should start from the next line after /**." source="com.puppycrawl.tools.checkstyle.checks.javadoc.JavadocContentLocationCheck"/>
<error line="14" severity="error" message="At-clause should have a non-empty description." source="com.puppycrawl.tools.checkstyle.checks.javadoc.NonEmptyAtclauseDescriptionCheck"/>
<error line="15" severity="error" message="At-clause should have a non-empty description." source="com.puppycrawl.tools.checkstyle.checks.javadoc.NonEmptyAtclauseDescriptionCheck"/>
<error line="17" column="31" severity="error" message="Name &apos;WIDTH&apos; must match pattern &apos;^[a-z][a-zA-Z0-9]*$&apos;." source="com.puppycrawl.tools.checkstyle.checks.naming.ParameterNameCheck"/>
<error line="17" column="48" severity="error" message="Name &apos;HEIGHT&apos; must match pattern &apos;^[a-z][a-zA-Z0-9]*$&apos;." source="com.puppycrawl.tools.checkstyle.checks.naming.ParameterNameCheck"/>
</file>
<file name="C:\Users\galli\Desktop\ProgettoSnake\snake-runner\src\main\java\snakerunner\graphics\hud\LevelView.java">
<error line="10" column="1" severity="error" message="Missing a Javadoc comment." source="com.puppycrawl.tools.checkstyle.checks.javadoc.MissingJavadocTypeCheck"/>
<error line="20" column="5" severity="error" message="Missing a Javadoc comment." source="com.puppycrawl.tools.checkstyle.checks.javadoc.MissingJavadocMethodCheck"/>
<error line="25" column="5" severity="error" message="Class &apos;LevelView&apos; looks like designed for extension (can be subclassed), but the method &apos;setLevel&apos; does not have javadoc that explains how to do that safely. If class is not designed for extension consider making the class &apos;LevelView&apos; final or making the method &apos;setLevel&apos; static/final/abstract/empty, or adding allowed annotation for the method." source="com.puppycrawl.tools.checkstyle.checks.design.DesignForExtensionCheck"/>
<error line="25" column="5" severity="error" message="Missing a Javadoc comment." source="com.puppycrawl.tools.checkstyle.checks.javadoc.MissingJavadocMethodCheck"/>
<error line="30" column="5" severity="error" message="Class &apos;LevelView&apos; looks like designed for extension (can be subclassed), but the method &apos;paintComponent&apos; does not have javadoc that explains how to do that safely. If class is not designed for extension consider making the class &apos;LevelView&apos; final or making the method &apos;paintComponent&apos; static/final/abstract/empty, or adding allowed annotation for the method." source="com.puppycrawl.tools.checkstyle.checks.design.DesignForExtensionCheck"/>
<error line="39" severity="error" message="Line has trailing spaces." source="com.puppycrawl.tools.checkstyle.checks.regexp.RegexpSinglelineCheck"/>
</file>
<file name="C:\Users\galli\Desktop\ProgettoSnake\snake-runner\src\main\java\snakerunner\graphics\hud\LifeView.java">
<error line="10" column="1" severity="error" message="Missing a Javadoc comment." source="com.puppycrawl.tools.checkstyle.checks.javadoc.MissingJavadocTypeCheck"/>
<error line="20" column="5" severity="error" message="Missing a Javadoc comment." source="com.puppycrawl.tools.checkstyle.checks.javadoc.MissingJavadocMethodCheck"/>
<error line="25" column="5" severity="error" message="Class &apos;LifeView&apos; looks like designed for extension (can be subclassed), but the method &apos;setLife&apos; does not have javadoc that explains how to do that safely. If class is not designed for extension consider making the class &apos;LifeView&apos; final or making the method &apos;setLife&apos; static/final/abstract/empty, or adding allowed annotation for the method." source="com.puppycrawl.tools.checkstyle.checks.design.DesignForExtensionCheck"/>
<error line="25" column="5" severity="error" message="Missing a Javadoc comment." source="com.puppycrawl.tools.checkstyle.checks.javadoc.MissingJavadocMethodCheck"/>
<error line="25" column="25" severity="error" message="Parameter life should be final." source="com.puppycrawl.tools.checkstyle.checks.FinalParametersCheck"/>
<error line="25" column="29" severity="error" message="Variable &apos;life&apos; should be declared final." source="com.puppycrawl.tools.checkstyle.checks.coding.FinalLocalVariableCheck"/>
<error line="30" column="5" severity="error" message="Class &apos;LifeView&apos; looks like designed for extension (can be subclassed), but the method &apos;paintComponent&apos; does not have javadoc that explains how to do that safely. If class is not designed for extension consider making the class &apos;LifeView&apos; final or making the method &apos;paintComponent&apos; static/final/abstract/empty, or adding allowed annotation for the method." source="com.puppycrawl.tools.checkstyle.checks.design.DesignForExtensionCheck"/>
<error line="31" column="35" severity="error" message="Parameter g should be final." source="com.puppycrawl.tools.checkstyle.checks.FinalParametersCheck"/>
<error line="31" column="44" severity="error" message="Variable &apos;g&apos; should be declared final." source="com.puppycrawl.tools.checkstyle.checks.coding.FinalLocalVariableCheck"/>
<error line="39" severity="error" message="Line has trailing spaces." source="com.puppycrawl.tools.checkstyle.checks.regexp.RegexpSinglelineCheck"/>
</file>
<file name="C:\Users\galli\Desktop\ProgettoSnake\snake-runner\src\main\java\snakerunner\graphics\hud\ScoreView.java">
<error line="10" column="1" severity="error" message="Missing a Javadoc comment." source="com.puppycrawl.tools.checkstyle.checks.javadoc.MissingJavadocTypeCheck"/>
<error line="17" severity="error" message="Line has trailing spaces." source="com.puppycrawl.tools.checkstyle.checks.regexp.RegexpSinglelineCheck"/>
<error line="20" column="5" severity="error" message="Missing a Javadoc comment." source="com.puppycrawl.tools.checkstyle.checks.javadoc.MissingJavadocMethodCheck"/>
<error line="24" severity="error" message="Line has trailing spaces." source="com.puppycrawl.tools.checkstyle.checks.regexp.RegexpSinglelineCheck"/>
<error line="25" column="5" severity="error" message="Class &apos;ScoreView&apos; looks like designed for extension (can be subclassed), but the method &apos;setScore&apos; does not have javadoc that explains how to do that safely. If class is not designed for extension consider making the class &apos;ScoreView&apos; final or making the method &apos;setScore&apos; static/final/abstract/empty, or adding allowed annotation for the method." source="com.puppycrawl.tools.checkstyle.checks.design.DesignForExtensionCheck"/>
<error line="25" column="5" severity="error" message="Missing a Javadoc comment." source="com.puppycrawl.tools.checkstyle.checks.javadoc.MissingJavadocMethodCheck"/>
<error line="25" column="26" severity="error" message="Parameter score should be final." source="com.puppycrawl.tools.checkstyle.checks.FinalParametersCheck"/>
<error line="25" column="30" severity="error" message="Variable &apos;score&apos; should be declared final." source="com.puppycrawl.tools.checkstyle.checks.coding.FinalLocalVariableCheck"/>
<error line="30" column="5" severity="error" message="Class &apos;ScoreView&apos; looks like designed for extension (can be subclassed), but the method &apos;paintComponent&apos; does not have javadoc that explains how to do that safely. If class is not designed for extension consider making the class &apos;ScoreView&apos; final or making the method &apos;paintComponent&apos; static/final/abstract/empty, or adding allowed annotation for the method." source="com.puppycrawl.tools.checkstyle.checks.design.DesignForExtensionCheck"/>
<error line="39" severity="error" message="Line has trailing spaces." source="com.puppycrawl.tools.checkstyle.checks.regexp.RegexpSinglelineCheck"/>
</file>
<file name="C:\Users\galli\Desktop\ProgettoSnake\snake-runner\src\main\java\snakerunner\graphics\hud\TimerView.java">
<error line="10" column="1" severity="error" message="Missing a Javadoc comment." source="com.puppycrawl.tools.checkstyle.checks.javadoc.MissingJavadocTypeCheck"/>
<error line="11" severity="error" message="Line has trailing spaces." source="com.puppycrawl.tools.checkstyle.checks.regexp.RegexpSinglelineCheck"/>
<error line="21" column="5" severity="error" message="Missing a Javadoc comment." source="com.puppycrawl.tools.checkstyle.checks.javadoc.MissingJavadocMethodCheck"/>
<error line="26" column="5" severity="error" message="Class &apos;TimerView&apos; looks like designed for extension (can be subclassed), but the method &apos;setTimeLeft&apos; does not have javadoc that explains how to do that safely. If class is not designed for extension consider making the class &apos;TimerView&apos; final or making the method &apos;setTimeLeft&apos; static/final/abstract/empty, or adding allowed annotation for the method." source="com.puppycrawl.tools.checkstyle.checks.design.DesignForExtensionCheck"/>
<error line="26" column="5" severity="error" message="Missing a Javadoc comment." source="com.puppycrawl.tools.checkstyle.checks.javadoc.MissingJavadocMethodCheck"/>
<error line="31" column="5" severity="error" message="Class &apos;TimerView&apos; looks like designed for extension (can be subclassed), but the method &apos;paintComponent&apos; does not have javadoc that explains how to do that safely. If class is not designed for extension consider making the class &apos;TimerView&apos; final or making the method &apos;paintComponent&apos; static/final/abstract/empty, or adding allowed annotation for the method." source="com.puppycrawl.tools.checkstyle.checks.design.DesignForExtensionCheck"/>
<error line="42" column="5" severity="error" message="&apos;}&apos; has more than 1 empty lines after." source="com.puppycrawl.tools.checkstyle.checks.whitespace.EmptyLineSeparatorCheck"/>
</file>
<file name="C:\Users\galli\Desktop\ProgettoSnake\snake-runner\src\main\java\snakerunner\graphics\impl\BasePanelImpl.java">
<error line="1" severity="error" message="File does not end with a newline." source="com.puppycrawl.tools.checkstyle.checks.NewlineAtEndOfFileCheck"/>
<error line="20" column="1" severity="error" message="Missing a Javadoc comment." source="com.puppycrawl.tools.checkstyle.checks.javadoc.MissingJavadocTypeCheck"/>
<error line="20" column="1" severity="error" message="Name &apos;BasePanelImpl&apos; must match pattern &apos;^Abstract.+$&apos;." source="com.puppycrawl.tools.checkstyle.checks.naming.AbstractClassNameCheck"/>
<error line="23" severity="error" message="Line has trailing spaces." source="com.puppycrawl.tools.checkstyle.checks.regexp.RegexpSinglelineCheck"/>
<error line="24" column="5" severity="error" message="Missing a Javadoc comment." source="com.puppycrawl.tools.checkstyle.checks.javadoc.JavadocVariableCheck"/>
<error line="24" column="27" severity="error" message="Variable &apos;defaultBackground&apos; must be private and have accessor methods." source="com.puppycrawl.tools.checkstyle.checks.design.VisibilityModifierCheck"/>
<error line="24" column="60" severity="error" message="&apos;,&apos; is not followed by whitespace." source="com.puppycrawl.tools.checkstyle.checks.whitespace.WhitespaceAfterCheck"/>
<error line="24" column="64" severity="error" message="&apos;,&apos; is not followed by whitespace." source="com.puppycrawl.tools.checkstyle.checks.whitespace.WhitespaceAfterCheck"/>
<error line="25" column="5" severity="error" message="Missing a Javadoc comment." source="com.puppycrawl.tools.checkstyle.checks.javadoc.JavadocVariableCheck"/>
<error line="25" column="27" severity="error" message="Variable &apos;brown&apos; must be private and have accessor methods." source="com.puppycrawl.tools.checkstyle.checks.design.VisibilityModifierCheck"/>
<error line="26" column="5" severity="error" message="Missing a Javadoc comment." source="com.puppycrawl.tools.checkstyle.checks.javadoc.JavadocVariableCheck"/>
<error line="26" column="26" severity="error" message="Variable &apos;arial&apos; must be private and have accessor methods." source="com.puppycrawl.tools.checkstyle.checks.design.VisibilityModifierCheck"/>
<error line="27" column="5" severity="error" message="Missing a Javadoc comment." source="com.puppycrawl.tools.checkstyle.checks.javadoc.JavadocVariableCheck"/>
<error line="27" column="25" severity="error" message="Variable &apos;f_height&apos; must be private and have accessor methods." source="com.puppycrawl.tools.checkstyle.checks.design.VisibilityModifierCheck"/>
<error line="27" column="25" severity="error" message="Name &apos;f_height&apos; must match pattern &apos;^[a-z][a-zA-Z0-9]*$&apos;." source="com.puppycrawl.tools.checkstyle.checks.naming.MemberNameCheck"/>
<error line="28" column="5" severity="error" message="Missing a Javadoc comment." source="com.puppycrawl.tools.checkstyle.checks.javadoc.JavadocVariableCheck"/>
<error line="28" column="25" severity="error" message="Variable &apos;s_height&apos; must be private and have accessor methods." source="com.puppycrawl.tools.checkstyle.checks.design.VisibilityModifierCheck"/>
<error line="28" column="25" severity="error" message="Name &apos;s_height&apos; must match pattern &apos;^[a-z][a-zA-Z0-9]*$&apos;." source="com.puppycrawl.tools.checkstyle.checks.naming.MemberNameCheck"/>
<error line="30" column="5" severity="error" message="Missing a Javadoc comment." source="com.puppycrawl.tools.checkstyle.checks.javadoc.MissingJavadocMethodCheck"/>
<error line="43" column="5" severity="error" message="Class &apos;BasePanelImpl&apos; looks like designed for extension (can be subclassed), but the method &apos;createTitle&apos; does not have javadoc that explains how to do that safely. If class is not designed for extension consider making the class &apos;BasePanelImpl&apos; final or making the method &apos;createTitle&apos; static/final/abstract/empty, or adding allowed annotation for the method." source="com.puppycrawl.tools.checkstyle.checks.design.DesignForExtensionCheck"/>
<error line="43" column="5" severity="error" message="Missing a Javadoc comment." source="com.puppycrawl.tools.checkstyle.checks.javadoc.MissingJavadocMethodCheck"/>
<error line="50" column="5" severity="error" message="Class &apos;BasePanelImpl&apos; looks like designed for extension (can be subclassed), but the method &apos;createLabel&apos; does not have javadoc that explains how to do that safely. If class is not designed for extension consider making the class &apos;BasePanelImpl&apos; final or making the method &apos;createLabel&apos; static/final/abstract/empty, or adding allowed annotation for the method." source="com.puppycrawl.tools.checkstyle.checks.design.DesignForExtensionCheck"/>
<error line="50" column="5" severity="error" message="Missing a Javadoc comment." source="com.puppycrawl.tools.checkstyle.checks.javadoc.MissingJavadocMethodCheck"/>
<error line="56" column="5" severity="error" message="Class &apos;BasePanelImpl&apos; looks like designed for extension (can be subclassed), but the method &apos;createButton&apos; does not have javadoc that explains how to do that safely. If class is not designed for extension consider making the class &apos;BasePanelImpl&apos; final or making the method &apos;createButton&apos; static/final/abstract/empty, or adding allowed annotation for the method." source="com.puppycrawl.tools.checkstyle.checks.design.DesignForExtensionCheck"/>
<error line="56" column="5" severity="error" message="Missing a Javadoc comment." source="com.puppycrawl.tools.checkstyle.checks.javadoc.MissingJavadocMethodCheck"/>
</file>
<file name="C:\Users\galli\Desktop\ProgettoSnake\snake-runner\src\main\java\snakerunner\graphics\impl\MainFrameImpl.java">
<error line="1" severity="error" message="File does not end with a newline." source="com.puppycrawl.tools.checkstyle.checks.NewlineAtEndOfFileCheck"/>
<error line="16" column="1" severity="error" message="Missing a Javadoc comment." source="com.puppycrawl.tools.checkstyle.checks.javadoc.MissingJavadocTypeCheck"/>
<error line="17" severity="error" message="Line has trailing spaces." source="com.puppycrawl.tools.checkstyle.checks.regexp.RegexpSinglelineCheck"/>
<error line="27" column="5" severity="error" message="Missing a Javadoc comment." source="com.puppycrawl.tools.checkstyle.checks.javadoc.MissingJavadocMethodCheck"/>
<error line="27" column="5" severity="error" message="&apos;CTOR_DEF&apos; has more than 1 empty lines before." source="com.puppycrawl.tools.checkstyle.checks.whitespace.EmptyLineSeparatorCheck"/>
<error line="34" column="5" severity="error" message="Class &apos;MainFrameImpl&apos; looks like designed for extension (can be subclassed), but the method &apos;display&apos; does not have javadoc that explains how to do that safely. If class is not designed for extension consider making the class &apos;MainFrameImpl&apos; final or making the method &apos;display&apos; static/final/abstract/empty, or adding allowed annotation for the method." source="com.puppycrawl.tools.checkstyle.checks.design.DesignForExtensionCheck"/>
<error line="39" column="5" severity="error" message="Class &apos;MainFrameImpl&apos; looks like designed for extension (can be subclassed), but the method &apos;setPanels&apos; does not have javadoc that explains how to do that safely. If class is not designed for extension consider making the class &apos;MainFrameImpl&apos; final or making the method &apos;setPanels&apos; static/final/abstract/empty, or adding allowed annotation for the method." source="com.puppycrawl.tools.checkstyle.checks.design.DesignForExtensionCheck"/>
<error line="40" column="27" severity="error" message="Parameter menuPanel should be final." source="com.puppycrawl.tools.checkstyle.checks.FinalParametersCheck"/>
<error line="40" column="37" severity="error" message="Variable &apos;menuPanel&apos; should be declared final." source="com.puppycrawl.tools.checkstyle.checks.coding.FinalLocalVariableCheck"/>
<error line="40" column="37" severity="error" message="&apos;menuPanel&apos; hides a field." source="com.puppycrawl.tools.checkstyle.checks.coding.HiddenFieldCheck"/>
<error line="40" column="48" severity="error" message="Parameter gamePanel should be final." source="com.puppycrawl.tools.checkstyle.checks.FinalParametersCheck"/>
<error line="40" column="58" severity="error" message="Variable &apos;gamePanel&apos; should be declared final." source="com.puppycrawl.tools.checkstyle.checks.coding.FinalLocalVariableCheck"/>
<error line="40" column="58" severity="error" message="&apos;gamePanel&apos; hides a field." source="com.puppycrawl.tools.checkstyle.checks.coding.HiddenFieldCheck"/>
<error line="40" column="69" severity="error" message="Parameter optionPanel should be final." source="com.puppycrawl.tools.checkstyle.checks.FinalParametersCheck"/>
<error line="40" column="81" severity="error" message="Variable &apos;optionPanel&apos; should be declared final." source="com.puppycrawl.tools.checkstyle.checks.coding.FinalLocalVariableCheck"/>
<error line="40" column="81" severity="error" message="&apos;optionPanel&apos; hides a field." source="com.puppycrawl.tools.checkstyle.checks.coding.HiddenFieldCheck"/>
<error line="46" column="37" severity="error" message="&apos;{&apos; is not preceded with whitespace." source="com.puppycrawl.tools.checkstyle.checks.whitespace.WhitespaceAroundCheck"/>
<error line="47" column="19" severity="error" message="Variable &apos;screensize&apos; should be declared final." source="com.puppycrawl.tools.checkstyle.checks.coding.FinalLocalVariableCheck"/>
<error line="48" column="13" severity="error" message="Variable &apos;width&apos; should be declared final." source="com.puppycrawl.tools.checkstyle.checks.coding.FinalLocalVariableCheck"/>
<error line="48" column="25" severity="error" message="&apos;typecast&apos; is not followed by whitespace." source="com.puppycrawl.tools.checkstyle.checks.whitespace.WhitespaceAfterCheck"/>
<error line="49" column="13" severity="error" message="Variable &apos;height&apos; should be declared final." source="com.puppycrawl.tools.checkstyle.checks.coding.FinalLocalVariableCheck"/>
<error line="49" column="26" severity="error" message="&apos;typecast&apos; is not followed by whitespace." source="com.puppycrawl.tools.checkstyle.checks.whitespace.WhitespaceAfterCheck"/>
<error line="50" column="22" severity="error" message="&apos;,&apos; is not followed by whitespace." source="com.puppycrawl.tools.checkstyle.checks.whitespace.WhitespaceAfterCheck"/>
<error line="53" column="5" severity="error" message="Class &apos;MainFrameImpl&apos; looks like designed for extension (can be subclassed), but the method &apos;showMenu&apos; does not have javadoc that explains how to do that safely. If class is not designed for extension consider making the class &apos;MainFrameImpl&apos; final or making the method &apos;showMenu&apos; static/final/abstract/empty, or adding allowed annotation for the method." source="com.puppycrawl.tools.checkstyle.checks.design.DesignForExtensionCheck"/>
<error line="60" column="5" severity="error" message="Class &apos;MainFrameImpl&apos; looks like designed for extension (can be subclassed), but the method &apos;showGame&apos; does not have javadoc that explains how to do that safely. If class is not designed for extension consider making the class &apos;MainFrameImpl&apos; final or making the method &apos;showGame&apos; static/final/abstract/empty, or adding allowed annotation for the method." source="com.puppycrawl.tools.checkstyle.checks.design.DesignForExtensionCheck"/>
<error line="67" column="5" severity="error" message="Class &apos;MainFrameImpl&apos; looks like designed for extension (can be subclassed), but the method &apos;showOption&apos; does not have javadoc that explains how to do that safely. If class is not designed for extension consider making the class &apos;MainFrameImpl&apos; final or making the method &apos;showOption&apos; static/final/abstract/empty, or adding allowed annotation for the method." source="com.puppycrawl.tools.checkstyle.checks.design.DesignForExtensionCheck"/>
<error line="74" column="5" severity="error" message="Class &apos;MainFrameImpl&apos; looks like designed for extension (can be subclassed), but the method &apos;won&apos; does not have javadoc that explains how to do that safely. If class is not designed for extension consider making the class &apos;MainFrameImpl&apos; final or making the method &apos;won&apos; static/final/abstract/empty, or adding allowed annotation for the method." source="com.puppycrawl.tools.checkstyle.checks.design.DesignForExtensionCheck"/>
<error line="75" column="22" severity="error" message="&apos;{&apos; is not preceded with whitespace." source="com.puppycrawl.tools.checkstyle.checks.whitespace.WhitespaceAroundCheck"/>
<error line="84" column="5" severity="error" message="Class &apos;MainFrameImpl&apos; looks like designed for extension (can be subclassed), but the method &apos;lose&apos; does not have javadoc that explains how to do that safely. If class is not designed for extension consider making the class &apos;MainFrameImpl&apos; final or making the method &apos;lose&apos; static/final/abstract/empty, or adding allowed annotation for the method." source="com.puppycrawl.tools.checkstyle.checks.design.DesignForExtensionCheck"/>
<error line="94" column="5" severity="error" message="Class &apos;MainFrameImpl&apos; looks like designed for extension (can be subclassed), but the method &apos;startGameLoop&apos; does not have javadoc that explains how to do that safely. If class is not designed for extension consider making the class &apos;MainFrameImpl&apos; final or making the method &apos;startGameLoop&apos; static/final/abstract/empty, or adding allowed annotation for the method." source="com.puppycrawl.tools.checkstyle.checks.design.DesignForExtensionCheck"/>
<error line="95" column="31" severity="error" message="Parameter delay should be final." source="com.puppycrawl.tools.checkstyle.checks.FinalParametersCheck"/>
<error line="95" column="35" severity="error" message="Variable &apos;delay&apos; should be declared final." source="com.puppycrawl.tools.checkstyle.checks.coding.FinalLocalVariableCheck"/>
<error line="100" column="5" severity="error" message="Class &apos;MainFrameImpl&apos; looks like designed for extension (can be subclassed), but the method &apos;stopGameLoop&apos; does not have javadoc that explains how to do that safely. If class is not designed for extension consider making the class &apos;MainFrameImpl&apos; final or making the method &apos;stopGameLoop&apos; static/final/abstract/empty, or adding allowed annotation for the method." source="com.puppycrawl.tools.checkstyle.checks.design.DesignForExtensionCheck"/>
<error line="107" column="5" severity="error" message="Class &apos;MainFrameImpl&apos; looks like designed for extension (can be subclassed), but the method &apos;setTimerDelay&apos; does not have javadoc that explains how to do that safely. If class is not designed for extension consider making the class &apos;MainFrameImpl&apos; final or making the method &apos;setTimerDelay&apos; static/final/abstract/empty, or adding allowed annotation for the method." source="com.puppycrawl.tools.checkstyle.checks.design.DesignForExtensionCheck"/>
<error line="108" column="31" severity="error" message="Parameter delay should be final." source="com.puppycrawl.tools.checkstyle.checks.FinalParametersCheck"/>
<error line="108" column="35" severity="error" message="Variable &apos;delay&apos; should be declared final." source="com.puppycrawl.tools.checkstyle.checks.coding.FinalLocalVariableCheck"/>
</file>
<file name="C:\Users\galli\Desktop\ProgettoSnake\snake-runner\src\main\java\snakerunner\graphics\MainFrame.java">
<error line="7" column="1" severity="error" message="Missing a Javadoc comment." source="com.puppycrawl.tools.checkstyle.checks.javadoc.MissingJavadocTypeCheck"/>
<error line="9" severity="error" message="First sentence should end with a period." source="com.puppycrawl.tools.checkstyle.checks.javadoc.JavadocStyleCheck"/>
<error line="14" severity="error" message="First sentence should end with a period." source="com.puppycrawl.tools.checkstyle.checks.javadoc.JavadocStyleCheck"/>
<error line="19" severity="error" message="First sentence should end with a period." source="com.puppycrawl.tools.checkstyle.checks.javadoc.JavadocStyleCheck"/>
<error line="24" severity="error" message="First sentence should end with a period." source="com.puppycrawl.tools.checkstyle.checks.javadoc.JavadocStyleCheck"/>
<error line="26" severity="error" message="Javadoc tag &apos;@param&apos; should be preceded with an empty line." source="com.puppycrawl.tools.checkstyle.checks.javadoc.RequireEmptyLineBeforeBlockTagGroupCheck"/>
<error line="30" column="20" severity="error" message="Redundant &apos;final&apos; modifier." source="com.puppycrawl.tools.checkstyle.checks.modifier.RedundantModifierCheck"/>
<error line="30" column="47" severity="error" message="Redundant &apos;final&apos; modifier." source="com.puppycrawl.tools.checkstyle.checks.modifier.RedundantModifierCheck"/>
<error line="30" column="74" severity="error" message="Redundant &apos;final&apos; modifier." source="com.puppycrawl.tools.checkstyle.checks.modifier.RedundantModifierCheck"/>
<error line="32" severity="error" message="First sentence should end with a period." source="com.puppycrawl.tools.checkstyle.checks.javadoc.JavadocStyleCheck"/>
<error line="37" severity="error" message="First sentence should end with a period." source="com.puppycrawl.tools.checkstyle.checks.javadoc.JavadocStyleCheck"/>
<error line="42" severity="error" message="First sentence should end with a period." source="com.puppycrawl.tools.checkstyle.checks.javadoc.JavadocStyleCheck"/>
<error line="46" severity="error" message="Line has trailing spaces." source="com.puppycrawl.tools.checkstyle.checks.regexp.RegexpSinglelineCheck"/>
<error line="49" severity="error" message="Javadoc tag &apos;@param&apos; should be preceded with an empty line." source="com.puppycrawl.tools.checkstyle.checks.javadoc.RequireEmptyLineBeforeBlockTagGroupCheck"/>
<error line="51" column="5" severity="error" message="Redundant &apos;public&apos; modifier." source="com.puppycrawl.tools.checkstyle.checks.modifier.RedundantModifierCheck"/>
<error line="56" column="5" severity="error" message="Redundant &apos;public&apos; modifier." source="com.puppycrawl.tools.checkstyle.checks.modifier.RedundantModifierCheck"/>
<error line="57" severity="error" message="Line has trailing spaces." source="com.puppycrawl.tools.checkstyle.checks.regexp.RegexpSinglelineCheck"/>
<error line="60" severity="error" message="Javadoc tag &apos;@param&apos; should be preceded with an empty line." source="com.puppycrawl.tools.checkstyle.checks.javadoc.RequireEmptyLineBeforeBlockTagGroupCheck"/>
<error line="62" column="5" severity="error" message="Redundant &apos;public&apos; modifier." source="com.puppycrawl.tools.checkstyle.checks.modifier.RedundantModifierCheck"/>
</file>
<file name="C:\Users\galli\Desktop\ProgettoSnake\snake-runner\src\main\java\snakerunner\graphics\panel\BasePanel.java">
<error line="3" column="1" severity="error" message="Missing a Javadoc comment." source="com.puppycrawl.tools.checkstyle.checks.javadoc.MissingJavadocTypeCheck"/>
<error line="5" column="5" severity="error" message="Missing a Javadoc comment." source="com.puppycrawl.tools.checkstyle.checks.javadoc.MissingJavadocMethodCheck"/>
<error line="5" column="5" severity="error" message="Redundant &apos;public&apos; modifier." source="com.puppycrawl.tools.checkstyle.checks.modifier.RedundantModifierCheck"/>
<error line="5" column="12" severity="error" message="Redundant &apos;abstract&apos; modifier." source="com.puppycrawl.tools.checkstyle.checks.modifier.RedundantModifierCheck"/>
<error line="7" column="5" severity="error" message="Missing a Javadoc comment." source="com.puppycrawl.tools.checkstyle.checks.javadoc.MissingJavadocMethodCheck"/>
<error line="7" column="5" severity="error" message="Redundant &apos;public&apos; modifier." source="com.puppycrawl.tools.checkstyle.checks.modifier.RedundantModifierCheck"/>
<error line="7" column="12" severity="error" message="Redundant &apos;abstract&apos; modifier." source="com.puppycrawl.tools.checkstyle.checks.modifier.RedundantModifierCheck"/>
</file>
<file name="C:\Users\galli\Desktop\ProgettoSnake\snake-runner\src\main\java\snakerunner\graphics\panel\GameBoardPanel.java">
<error line="12" column="1" severity="error" message="Missing a Javadoc comment." source="com.puppycrawl.tools.checkstyle.checks.javadoc.MissingJavadocTypeCheck"/>
<error line="18" column="5" severity="error" message="Missing a Javadoc comment." source="com.puppycrawl.tools.checkstyle.checks.javadoc.MissingJavadocMethodCheck"/>
<error line="24" severity="error" message="First sentence should end with a period." source="com.puppycrawl.tools.checkstyle.checks.javadoc.JavadocStyleCheck"/>
<error line="26" severity="error" message="Javadoc tag &apos;@param&apos; should be preceded with an empty line." source="com.puppycrawl.tools.checkstyle.checks.javadoc.RequireEmptyLineBeforeBlockTagGroupCheck"/>
<error line="38" severity="error" message="First sentence should end with a period." source="com.puppycrawl.tools.checkstyle.checks.javadoc.JavadocStyleCheck"/>
<error line="40" severity="error" message="Javadoc tag &apos;@param&apos; should be preceded with an empty line." source="com.puppycrawl.tools.checkstyle.checks.javadoc.RequireEmptyLineBeforeBlockTagGroupCheck"/>
<error line="59" column="35" severity="error" message="&apos;,&apos; is not followed by whitespace." source="com.puppycrawl.tools.checkstyle.checks.whitespace.WhitespaceAfterCheck"/>
<error line="63" severity="error" message="First sentence should end with a period." source="com.puppycrawl.tools.checkstyle.checks.javadoc.JavadocStyleCheck"/>
<error line="65" severity="error" message="At-clause should have a non-empty description." source="com.puppycrawl.tools.checkstyle.checks.javadoc.NonEmptyAtclauseDescriptionCheck"/>
<error line="65" severity="error" message="Javadoc tag &apos;@param&apos; should be preceded with an empty line." source="com.puppycrawl.tools.checkstyle.checks.javadoc.RequireEmptyLineBeforeBlockTagGroupCheck"/>
<error line="68" column="9" severity="error" message="Javadoc comment is placed in the wrong location." source="com.puppycrawl.tools.checkstyle.checks.javadoc.InvalidJavadocPositionCheck"/>
<error line="73" severity="error" message="First sentence should end with a period." source="com.puppycrawl.tools.checkstyle.checks.javadoc.JavadocStyleCheck"/>
<error line="75" severity="error" message="At-clause should have a non-empty description." source="com.puppycrawl.tools.checkstyle.checks.javadoc.NonEmptyAtclauseDescriptionCheck"/>
<error line="75" severity="error" message="Javadoc tag &apos;@param&apos; should be preceded with an empty line." source="com.puppycrawl.tools.checkstyle.checks.javadoc.RequireEmptyLineBeforeBlockTagGroupCheck"/>
<error line="88" severity="error" message="First sentence should end with a period." source="com.puppycrawl.tools.checkstyle.checks.javadoc.JavadocStyleCheck"/>
<error line="90" severity="error" message="At-clause should have a non-empty description." source="com.puppycrawl.tools.checkstyle.checks.javadoc.NonEmptyAtclauseDescriptionCheck"/>
<error line="90" severity="error" message="Javadoc tag &apos;@param&apos; should be preceded with an empty line." source="com.puppycrawl.tools.checkstyle.checks.javadoc.RequireEmptyLineBeforeBlockTagGroupCheck"/>
<error line="113" severity="error" message="Line has trailing spaces." source="com.puppycrawl.tools.checkstyle.checks.regexp.RegexpSinglelineCheck"/>
</file>
<file name="C:\Users\galli\Desktop\ProgettoSnake\snake-runner\src\main\java\snakerunner\graphics\panel\GamePanel.java">
<error line="1" severity="error" message="File does not end with a newline." source="com.puppycrawl.tools.checkstyle.checks.NewlineAtEndOfFileCheck"/>
<error line="14" column="1" severity="error" message="Missing a Javadoc comment." source="com.puppycrawl.tools.checkstyle.checks.javadoc.MissingJavadocTypeCheck"/>
<error line="36" column="5" severity="error" message="Missing a Javadoc comment." source="com.puppycrawl.tools.checkstyle.checks.javadoc.MissingJavadocMethodCheck"/>
<error line="74" column="5" severity="error" message="Class &apos;GamePanel&apos; looks like designed for extension (can be subclassed), but the method &apos;setLayoutPanel&apos; does not have javadoc that explains how to do that safely. If class is not designed for extension consider making the class &apos;GamePanel&apos; final or making the method &apos;setLayoutPanel&apos; static/final/abstract/empty, or adding allowed annotation for the method." source="com.puppycrawl.tools.checkstyle.checks.design.DesignForExtensionCheck"/>
<error line="79" column="5" severity="error" message="Class &apos;GamePanel&apos; looks like designed for extension (can be subclassed), but the method &apos;addActionListeners&apos; does not have javadoc that explains how to do that safely. If class is not designed for extension consider making the class &apos;GamePanel&apos; final or making the method &apos;addActionListeners&apos; static/final/abstract/empty, or adding allowed annotation for the method." source="com.puppycrawl.tools.checkstyle.checks.design.DesignForExtensionCheck"/>
<error line="86" column="5" severity="error" message="Class &apos;GamePanel&apos; looks like designed for extension (can be subclassed), but the method &apos;updateTimer&apos; does not have javadoc that explains how to do that safely. If class is not designed for extension consider making the class &apos;GamePanel&apos; final or making the method &apos;updateTimer&apos; static/final/abstract/empty, or adding allowed annotation for the method." source="com.puppycrawl.tools.checkstyle.checks.design.DesignForExtensionCheck"/>
<error line="86" column="5" severity="error" message="Missing a Javadoc comment." source="com.puppycrawl.tools.checkstyle.checks.javadoc.MissingJavadocMethodCheck"/>
<error line="88" severity="error" message="Line has trailing spaces." source="com.puppycrawl.tools.checkstyle.checks.regexp.RegexpSinglelineCheck"/>
<error line="98" column="5" severity="error" message="Class &apos;GamePanel&apos; looks like designed for extension (can be subclassed), but the method &apos;getTimerView&apos; does not have javadoc that explains how to do that safely. If class is not designed for extension consider making the class &apos;GamePanel&apos; final or making the method &apos;getTimerView&apos; static/final/abstract/empty, or adding allowed annotation for the method." source="com.puppycrawl.tools.checkstyle.checks.design.DesignForExtensionCheck"/>
<error line="98" column="5" severity="error" message="Missing a Javadoc comment." source="com.puppycrawl.tools.checkstyle.checks.javadoc.MissingJavadocMethodCheck"/>
<error line="100" severity="error" message="Line has trailing spaces." source="com.puppycrawl.tools.checkstyle.checks.regexp.RegexpSinglelineCheck"/>
</file>
<file name="C:\Users\galli\Desktop\ProgettoSnake\snake-runner\src\main\java\snakerunner\graphics\panel\MenuPanel.java">
<error line="1" severity="error" message="File does not end with a newline." source="com.puppycrawl.tools.checkstyle.checks.NewlineAtEndOfFileCheck"/>
<error line="9" column="1" severity="error" message="Missing a Javadoc comment." source="com.puppycrawl.tools.checkstyle.checks.javadoc.MissingJavadocTypeCheck"/>
<error line="19" column="5" severity="error" message="Missing a Javadoc comment." source="com.puppycrawl.tools.checkstyle.checks.javadoc.MissingJavadocMethodCheck"/>
<error line="32" column="5" severity="error" message="Class &apos;MenuPanel&apos; looks like designed for extension (can be subclassed), but the method &apos;setLayoutPanel&apos; does not have javadoc that explains how to do that safely. If class is not designed for extension consider making the class &apos;MenuPanel&apos; final or making the method &apos;setLayoutPanel&apos; static/final/abstract/empty, or adding allowed annotation for the method." source="com.puppycrawl.tools.checkstyle.checks.design.DesignForExtensionCheck"/>
<error line="37" column="5" severity="error" message="Class &apos;MenuPanel&apos; looks like designed for extension (can be subclassed), but the method &apos;addActionListeners&apos; does not have javadoc that explains how to do that safely. If class is not designed for extension consider making the class &apos;MenuPanel&apos; final or making the method &apos;addActionListeners&apos; static/final/abstract/empty, or adding allowed annotation for the method." source="com.puppycrawl.tools.checkstyle.checks.design.DesignForExtensionCheck"/>
</file>
<file name="C:\Users\galli\Desktop\ProgettoSnake\snake-runner\src\main\java\snakerunner\graphics\panel\OptionPanel.java">
<error line="1" severity="error" message="File does not end with a newline." source="com.puppycrawl.tools.checkstyle.checks.NewlineAtEndOfFileCheck"/>
<error line="14" column="1" severity="error" message="Missing a Javadoc comment." source="com.puppycrawl.tools.checkstyle.checks.javadoc.MissingJavadocTypeCheck"/>
<error line="25" column="5" severity="error" message="Missing a Javadoc comment." source="com.puppycrawl.tools.checkstyle.checks.javadoc.MissingJavadocMethodCheck"/>
<error line="52" column="5" severity="error" message="Class &apos;OptionPanel&apos; looks like designed for extension (can be subclassed), but the method &apos;setLayoutPanel&apos; does not have javadoc that explains how to do that safely. If class is not designed for extension consider making the class &apos;OptionPanel&apos; final or making the method &apos;setLayoutPanel&apos; static/final/abstract/empty, or adding allowed annotation for the method." source="com.puppycrawl.tools.checkstyle.checks.design.DesignForExtensionCheck"/>
<error line="57" column="5" severity="error" message="Class &apos;OptionPanel&apos; looks like designed for extension (can be subclassed), but the method &apos;addActionListeners&apos; does not have javadoc that explains how to do that safely. If class is not designed for extension consider making the class &apos;OptionPanel&apos; final or making the method &apos;addActionListeners&apos; static/final/abstract/empty, or adding allowed annotation for the method." source="com.puppycrawl.tools.checkstyle.checks.design.DesignForExtensionCheck"/>
</file>
<file name="C:\Users\galli\Desktop\ProgettoSnake\snake-runner\src\main\java\snakerunner\graphics\panel\PanelFactory.java">
<error line="5" column="1" severity="error" message="Utility classes should not have a public or default constructor." source="com.puppycrawl.tools.checkstyle.checks.design.HideUtilityClassConstructorCheck"/>
<error line="5" column="1" severity="error" message="Missing a Javadoc comment." source="com.puppycrawl.tools.checkstyle.checks.javadoc.MissingJavadocTypeCheck"/>
<error line="7" column="5" severity="error" message="Missing a Javadoc comment." source="com.puppycrawl.tools.checkstyle.checks.javadoc.MissingJavadocMethodCheck"/>
<error line="7" column="45" severity="error" message="Parameter controller should be final." source="com.puppycrawl.tools.checkstyle.checks.FinalParametersCheck"/>
<error line="7" column="56" severity="error" message="Variable &apos;controller&apos; should be declared final." source="com.puppycrawl.tools.checkstyle.checks.coding.FinalLocalVariableCheck"/>
<error line="11" column="5" severity="error" message="Missing a Javadoc comment." source="com.puppycrawl.tools.checkstyle.checks.javadoc.MissingJavadocMethodCheck"/>
<error line="11" column="45" severity="error" message="Parameter controller should be final." source="com.puppycrawl.tools.checkstyle.checks.FinalParametersCheck"/>
<error line="11" column="56" severity="error" message="Variable &apos;controller&apos; should be declared final." source="com.puppycrawl.tools.checkstyle.checks.coding.FinalLocalVariableCheck"/>
<error line="15" column="5" severity="error" message="Missing a Javadoc comment." source="com.puppycrawl.tools.checkstyle.checks.javadoc.MissingJavadocMethodCheck"/>
<error line="15" column="49" severity="error" message="Parameter controller should be final." source="com.puppycrawl.tools.checkstyle.checks.FinalParametersCheck"/>
<error line="15" column="60" severity="error" message="Variable &apos;controller&apos; should be declared final." source="com.puppycrawl.tools.checkstyle.checks.coding.FinalLocalVariableCheck"/>
</file>
<file name="C:\Users\galli\Desktop\ProgettoSnake\snake-runner\src\main\java\snakerunner\model\Collectible.java">
<error line="5" column="1" severity="error" message="Missing a Javadoc comment." source="com.puppycrawl.tools.checkstyle.checks.javadoc.MissingJavadocTypeCheck"/>
<error line="12" column="5" severity="error" message="Redundant &apos;public&apos; modifier." source="com.puppycrawl.tools.checkstyle.checks.modifier.RedundantModifierCheck"/>
<error line="19" column="5" severity="error" message="Redundant &apos;public&apos; modifier." source="com.puppycrawl.tools.checkstyle.checks.modifier.RedundantModifierCheck"/>
<error line="26" column="5" severity="error" message="Redundant &apos;public&apos; modifier." source="com.puppycrawl.tools.checkstyle.checks.modifier.RedundantModifierCheck"/>
</file>
<file name="C:\Users\galli\Desktop\ProgettoSnake\snake-runner\src\main\java\snakerunner\model\CollectibleType.java">
<error line="3" column="1" severity="error" message="Missing a Javadoc comment." source="com.puppycrawl.tools.checkstyle.checks.javadoc.MissingJavadocTypeCheck"/>
</file>
<file name="C:\Users\galli\Desktop\ProgettoSnake\snake-runner\src\main\java\snakerunner\model\Direction.java">
<error line="3" column="1" severity="error" message="Missing a Javadoc comment." source="com.puppycrawl.tools.checkstyle.checks.javadoc.MissingJavadocTypeCheck"/>
<error line="9" column="22" severity="error" message="Variable &apos;dx&apos; must be private and have accessor methods." source="com.puppycrawl.tools.checkstyle.checks.design.VisibilityModifierCheck"/>
<error line="10" column="22" severity="error" message="Variable &apos;dy&apos; must be private and have accessor methods." source="com.puppycrawl.tools.checkstyle.checks.design.VisibilityModifierCheck"/>
<error line="12" column="15" severity="error" message="Parameter dx should be final." source="com.puppycrawl.tools.checkstyle.checks.FinalParametersCheck"/>
<error line="12" column="19" severity="error" message="Variable &apos;dx&apos; should be declared final." source="com.puppycrawl.tools.checkstyle.checks.coding.FinalLocalVariableCheck"/>
<error line="12" column="23" severity="error" message="Parameter dy should be final." source="com.puppycrawl.tools.checkstyle.checks.FinalParametersCheck"/>
<error line="12" column="27" severity="error" message="Variable &apos;dy&apos; should be declared final." source="com.puppycrawl.tools.checkstyle.checks.coding.FinalLocalVariableCheck"/>
<error line="17" column="5" severity="error" message="Missing a Javadoc comment." source="com.puppycrawl.tools.checkstyle.checks.javadoc.MissingJavadocMethodCheck"/>
<error line="17" column="31" severity="error" message="Parameter other should be final." source="com.puppycrawl.tools.checkstyle.checks.FinalParametersCheck"/>
<error line="17" column="41" severity="error" message="Variable &apos;other&apos; should be declared final." source="com.puppycrawl.tools.checkstyle.checks.coding.FinalLocalVariableCheck"/>
</file>
<file name="C:\Users\galli\Desktop\ProgettoSnake\snake-runner\src\main\java\snakerunner\model\Entity.java">
<error line="3" column="1" severity="error" message="Missing a Javadoc comment." source="com.puppycrawl.tools.checkstyle.checks.javadoc.MissingJavadocTypeCheck"/>
<error line="4" column="5" severity="error" message="Missing a Javadoc comment." source="com.puppycrawl.tools.checkstyle.checks.javadoc.JavadocVariableCheck"/>
<error line="4" column="19" severity="error" message="Variable &apos;x&apos; must be private and have accessor methods." source="com.puppycrawl.tools.checkstyle.checks.design.VisibilityModifierCheck"/>
<error line="5" severity="error" message="Line has trailing spaces." source="com.puppycrawl.tools.checkstyle.checks.regexp.RegexpSinglelineCheck"/>
<error line="5" column="5" severity="error" message="Missing a Javadoc comment." source="com.puppycrawl.tools.checkstyle.checks.javadoc.JavadocVariableCheck"/>
<error line="5" column="19" severity="error" message="Variable &apos;y&apos; must be private and have accessor methods." source="com.puppycrawl.tools.checkstyle.checks.design.VisibilityModifierCheck"/>
<error line="6" severity="error" message="Line has trailing spaces." source="com.puppycrawl.tools.checkstyle.checks.regexp.RegexpSinglelineCheck"/>
<error line="7" severity="error" message="Line has trailing spaces." source="com.puppycrawl.tools.checkstyle.checks.regexp.RegexpSinglelineCheck"/>
<error line="8" severity="error" message="Line has trailing spaces." source="com.puppycrawl.tools.checkstyle.checks.regexp.RegexpSinglelineCheck"/>
<error line="9" column="3" severity="error" message="Missing a Javadoc comment." source="com.puppycrawl.tools.checkstyle.checks.javadoc.MissingJavadocMethodCheck"/>
<error line="9" column="3" severity="error" message="&apos;METHOD_DEF&apos; has more than 1 empty lines before." source="com.puppycrawl.tools.checkstyle.checks.whitespace.EmptyLineSeparatorCheck"/>
<error line="9" column="25" severity="error" message="&apos;{&apos; is not preceded with whitespace." source="com.puppycrawl.tools.checkstyle.checks.whitespace.WhitespaceAroundCheck"/>
<error line="12" column="4" severity="error" message="Comment has incorrect indentation level 3, expected is 4, indentation should be the same level as line 13." source="com.puppycrawl.tools.checkstyle.checks.indentation.CommentsIndentationCheck"/>
<error line="13" column="5" severity="error" message="Class &apos;Entity&apos; looks like designed for extension (can be subclassed), but the method &apos;getX&apos; does not have javadoc that explains how to do that safely. If class is not designed for extension consider making the class &apos;Entity&apos; final or making the method &apos;getX&apos; static/final/abstract/empty, or adding allowed annotation for the method." source="com.puppycrawl.tools.checkstyle.checks.design.DesignForExtensionCheck"/>
<error line="13" column="5" severity="error" message="Missing a Javadoc comment." source="com.puppycrawl.tools.checkstyle.checks.javadoc.MissingJavadocMethodCheck"/>
<error line="13" column="5" severity="error" message="&apos;METHOD_DEF&apos; should be separated from previous line." source="com.puppycrawl.tools.checkstyle.checks.whitespace.EmptyLineSeparatorCheck"/>
<error line="13" column="22" severity="error" message="&apos;{&apos; is not preceded with whitespace." source="com.puppycrawl.tools.checkstyle.checks.whitespace.WhitespaceAroundCheck"/>
<error line="16" column="5" severity="error" message="Class &apos;Entity&apos; looks like designed for extension (can be subclassed), but the method &apos;getY&apos; does not have javadoc that explains how to do that safely. If class is not designed for extension consider making the class &apos;Entity&apos; final or making the method &apos;getY&apos; static/final/abstract/empty, or adding allowed annotation for the method." source="com.puppycrawl.tools.checkstyle.checks.design.DesignForExtensionCheck"/>
<error line="16" column="5" severity="error" message="Missing a Javadoc comment." source="com.puppycrawl.tools.checkstyle.checks.javadoc.MissingJavadocMethodCheck"/>
<error line="16" column="5" severity="error" message="&apos;METHOD_DEF&apos; should be separated from previous line." source="com.puppycrawl.tools.checkstyle.checks.whitespace.EmptyLineSeparatorCheck"/>
<error line="16" column="22" severity="error" message="&apos;{&apos; is not preceded with whitespace." source="com.puppycrawl.tools.checkstyle.checks.whitespace.WhitespaceAroundCheck"/>
<error line="21" column="1" severity="error" message="Class &apos;Entity&apos; looks like designed for extension (can be subclassed), but the method &apos;setX&apos; does not have javadoc that explains how to do that safely. If class is not designed for extension consider making the class &apos;Entity&apos; final or making the method &apos;setX&apos; static/final/abstract/empty, or adding allowed annotation for the method." source="com.puppycrawl.tools.checkstyle.checks.design.DesignForExtensionCheck"/>
<error line="21" column="1" severity="error" message="Missing a Javadoc comment." source="com.puppycrawl.tools.checkstyle.checks.javadoc.MissingJavadocMethodCheck"/>
<error line="21" column="18" severity="error" message="Parameter x should be final." source="com.puppycrawl.tools.checkstyle.checks.FinalParametersCheck"/>
<error line="21" column="22" severity="error" message="Variable &apos;x&apos; should be declared final." source="com.puppycrawl.tools.checkstyle.checks.coding.FinalLocalVariableCheck"/>
<error line="21" column="24" severity="error" message="&apos;{&apos; is not preceded with whitespace." source="com.puppycrawl.tools.checkstyle.checks.whitespace.WhitespaceAroundCheck"/>
<error line="22" column="11" severity="error" message="&apos;=&apos; is not preceded with whitespace." source="com.puppycrawl.tools.checkstyle.checks.whitespace.WhitespaceAroundCheck"/>
<error line="25" column="1" severity="error" message="Class &apos;Entity&apos; looks like designed for extension (can be subclassed), but the method &apos;setY&apos; does not have javadoc that explains how to do that safely. If class is not designed for extension consider making the class &apos;Entity&apos; final or making the method &apos;setY&apos; static/final/abstract/empty, or adding allowed annotation for the method." source="com.puppycrawl.tools.checkstyle.checks.design.DesignForExtensionCheck"/>
<error line="25" column="1" severity="error" message="Missing a Javadoc comment." source="com.puppycrawl.tools.checkstyle.checks.javadoc.MissingJavadocMethodCheck"/>
<error line="25" column="1" severity="error" message="&apos;METHOD_DEF&apos; should be separated from previous line." source="com.puppycrawl.tools.checkstyle.checks.whitespace.EmptyLineSeparatorCheck"/>
<error line="25" column="18" severity="error" message="Parameter y should be final." source="com.puppycrawl.tools.checkstyle.checks.FinalParametersCheck"/>
<error line="25" column="22" severity="error" message="Variable &apos;y&apos; should be declared final." source="com.puppycrawl.tools.checkstyle.checks.coding.FinalLocalVariableCheck"/>
<error line="25" column="24" severity="error" message="&apos;{&apos; is not preceded with whitespace." source="com.puppycrawl.tools.checkstyle.checks.whitespace.WhitespaceAroundCheck"/>
<error line="26" column="11" severity="error" message="&apos;=&apos; is not followed by whitespace." source="com.puppycrawl.tools.checkstyle.checks.whitespace.WhitespaceAroundCheck"/>
<error line="26" column="11" severity="error" message="&apos;=&apos; is not preceded with whitespace." source="com.puppycrawl.tools.checkstyle.checks.whitespace.WhitespaceAroundCheck"/>
<error line="27" column="1" severity="error" message="&apos;}&apos; has more than 1 empty lines after." source="com.puppycrawl.tools.checkstyle.checks.whitespace.EmptyLineSeparatorCheck"/>
<error line="29" severity="error" message="Line has trailing spaces." source="com.puppycrawl.tools.checkstyle.checks.regexp.RegexpSinglelineCheck"/>
</file>
<file name="C:\Users\galli\Desktop\ProgettoSnake\snake-runner\src\main\java\snakerunner\model\GameModel.java">
<error line="5" column="1" severity="error" message="Missing a Javadoc comment." source="com.puppycrawl.tools.checkstyle.checks.javadoc.MissingJavadocTypeCheck"/>
<error line="6" severity="error" message="Line has trailing spaces." source="com.puppycrawl.tools.checkstyle.checks.regexp.RegexpSinglelineCheck"/>
<error line="10" column="5" severity="error" message="Redundant &apos;public&apos; modifier." source="com.puppycrawl.tools.checkstyle.checks.modifier.RedundantModifierCheck"/>
<error line="15" severity="error" message="@return tag should be present and have description." source="com.puppycrawl.tools.checkstyle.checks.javadoc.JavadocMethodCheck"/>
<error line="15" column="5" severity="error" message="Redundant &apos;public&apos; modifier." source="com.puppycrawl.tools.checkstyle.checks.modifier.RedundantModifierCheck"/>
<error line="20" column="5" severity="error" message="Redundant &apos;public&apos; modifier." source="com.puppycrawl.tools.checkstyle.checks.modifier.RedundantModifierCheck"/>
<error line="20" column="37" severity="error" message="Expected @param tag for &apos;data&apos;." source="com.puppycrawl.tools.checkstyle.checks.javadoc.JavadocMethodCheck"/>
<error line="25" column="5" severity="error" message="Redundant &apos;public&apos; modifier." source="com.puppycrawl.tools.checkstyle.checks.modifier.RedundantModifierCheck"/>
<error line="30" severity="error" message="@return tag should be present and have description." source="com.puppycrawl.tools.checkstyle.checks.javadoc.JavadocMethodCheck"/>
<error line="30" column="5" severity="error" message="Redundant &apos;public&apos; modifier." source="com.puppycrawl.tools.checkstyle.checks.modifier.RedundantModifierCheck"/>
<error line="35" severity="error" message="@return tag should be present and have description." source="com.puppycrawl.tools.checkstyle.checks.javadoc.JavadocMethodCheck"/>
<error line="35" column="5" severity="error" message="Redundant &apos;public&apos; modifier." source="com.puppycrawl.tools.checkstyle.checks.modifier.RedundantModifierCheck"/>
<error line="40" severity="error" message="@return tag should be present and have description." source="com.puppycrawl.tools.checkstyle.checks.javadoc.JavadocMethodCheck"/>
<error line="40" column="5" severity="error" message="Redundant &apos;public&apos; modifier." source="com.puppycrawl.tools.checkstyle.checks.modifier.RedundantModifierCheck"/>
<error line="45" column="5" severity="error" message="Missing a Javadoc comment." source="com.puppycrawl.tools.checkstyle.checks.javadoc.MissingJavadocMethodCheck"/>
<error line="45" column="5" severity="error" message="Redundant &apos;public&apos; modifier." source="com.puppycrawl.tools.checkstyle.checks.modifier.RedundantModifierCheck"/>
<error line="45" column="61" severity="error" message="&apos;,&apos; is not followed by whitespace." source="com.puppycrawl.tools.checkstyle.checks.whitespace.WhitespaceAfterCheck"/>
<error line="46" severity="error" message="Line has trailing spaces." source="com.puppycrawl.tools.checkstyle.checks.regexp.RegexpSinglelineCheck"/>
<error line="49" severity="error" message="Javadoc tag &apos;@return&apos; should be preceded with an empty line." source="com.puppycrawl.tools.checkstyle.checks.javadoc.RequireEmptyLineBeforeBlockTagGroupCheck"/>
<error line="51" column="5" severity="error" message="Redundant &apos;public&apos; modifier." source="com.puppycrawl.tools.checkstyle.checks.modifier.RedundantModifierCheck"/>
<error line="53" column="5" severity="error" message="Javadoc content should start from the next line after /**." source="com.puppycrawl.tools.checkstyle.checks.javadoc.JavadocContentLocationCheck"/>
<error line="54" severity="error" message="Javadoc tag &apos;@param&apos; should be preceded with an empty line." source="com.puppycrawl.tools.checkstyle.checks.javadoc.RequireEmptyLineBeforeBlockTagGroupCheck"/>
<error line="56" column="5" severity="error" message="Redundant &apos;public&apos; modifier." source="com.puppycrawl.tools.checkstyle.checks.modifier.RedundantModifierCheck"/>
<error line="60" severity="error" message="Javadoc tag &apos;@return&apos; should be preceded with an empty line." source="com.puppycrawl.tools.checkstyle.checks.javadoc.RequireEmptyLineBeforeBlockTagGroupCheck"/>
<error line="62" column="5" severity="error" message="Redundant &apos;public&apos; modifier." source="com.puppycrawl.tools.checkstyle.checks.modifier.RedundantModifierCheck"/>
<error line="63" severity="error" message="Line has trailing spaces." source="com.puppycrawl.tools.checkstyle.checks.regexp.RegexpSinglelineCheck"/>
<error line="67" column="5" severity="error" message="Redundant &apos;public&apos; modifier." source="com.puppycrawl.tools.checkstyle.checks.modifier.RedundantModifierCheck"/>
<error line="71" severity="error" message="Javadoc tag &apos;@return&apos; should be preceded with an empty line." source="com.puppycrawl.tools.checkstyle.checks.javadoc.RequireEmptyLineBeforeBlockTagGroupCheck"/>
<error line="73" column="5" severity="error" message="Redundant &apos;public&apos; modifier." source="com.puppycrawl.tools.checkstyle.checks.modifier.RedundantModifierCheck"/>
</file>
<file name="C:\Users\galli\Desktop\ProgettoSnake\snake-runner\src\main\java\snakerunner\model\GameStats.java">
<error line="1" severity="error" message="Expected line ending for file is LF(\n), but CRLF(\r\n) is detected." source="com.puppycrawl.tools.checkstyle.checks.NewlineAtEndOfFileCheck"/>
<error line="1" severity="error" message="CRLF and CR line endings are prohibited, but this file uses them." source="com.puppycrawl.tools.checkstyle.checks.regexp.RegexpMultilineCheck"/>
<error line="3" column="1" severity="error" message="Missing a Javadoc comment." source="com.puppycrawl.tools.checkstyle.checks.javadoc.MissingJavadocTypeCheck"/>
<error line="4" severity="error" message="Line has trailing spaces." source="com.puppycrawl.tools.checkstyle.checks.regexp.RegexpSinglelineCheck"/>
</file>
<file name="C:\Users\galli\Desktop\ProgettoSnake\snake-runner\src\main\java\snakerunner\model\Grid.java">
<error line="5" column="1" severity="error" message="Missing a Javadoc comment." source="com.puppycrawl.tools.checkstyle.checks.javadoc.MissingJavadocTypeCheck"/>
<error line="8" severity="error" message="Javadoc tag &apos;@param&apos; should be preceded with an empty line." source="com.puppycrawl.tools.checkstyle.checks.javadoc.RequireEmptyLineBeforeBlockTagGroupCheck"/>
<error line="11" column="5" severity="error" message="Redundant &apos;public&apos; modifier." source="com.puppycrawl.tools.checkstyle.checks.modifier.RedundantModifierCheck"/>
</file>
<file name="C:\Users\galli\Desktop\ProgettoSnake\snake-runner\src\main\java\snakerunner\model\impl\Clock.java">
<error line="8" column="1" severity="error" message="Missing a Javadoc comment." source="com.puppycrawl.tools.checkstyle.checks.javadoc.MissingJavadocTypeCheck"/>
<error line="8" column="42" severity="error" message="&apos;{&apos; is not preceded with whitespace." source="com.puppycrawl.tools.checkstyle.checks.whitespace.WhitespaceAroundCheck"/>
<error line="11" column="5" severity="error" message="Missing a Javadoc comment." source="com.puppycrawl.tools.checkstyle.checks.javadoc.MissingJavadocMethodCheck"/>
<error line="11" column="18" severity="error" message="Parameter position should be final." source="com.puppycrawl.tools.checkstyle.checks.FinalParametersCheck"/>
<error line="11" column="44" severity="error" message="Variable &apos;position&apos; should be declared final." source="com.puppycrawl.tools.checkstyle.checks.coding.FinalLocalVariableCheck"/>
<error line="11" column="53" severity="error" message="&apos;{&apos; is not preceded with whitespace." source="com.puppycrawl.tools.checkstyle.checks.whitespace.WhitespaceAroundCheck"/>
<error line="15" column="5" severity="error" message="Class &apos;Clock&apos; looks like designed for extension (can be subclassed), but the method &apos;consume&apos; does not have javadoc that explains how to do that safely. If class is not designed for extension consider making the class &apos;Clock&apos; final or making the method &apos;consume&apos; static/final/abstract/empty, or adding allowed annotation for the method." source="com.puppycrawl.tools.checkstyle.checks.design.DesignForExtensionCheck"/>
<error line="16" column="25" severity="error" message="Parameter model should be final." source="com.puppycrawl.tools.checkstyle.checks.FinalParametersCheck"/>
<error line="16" column="35" severity="error" message="Variable &apos;model&apos; should be declared final." source="com.puppycrawl.tools.checkstyle.checks.coding.FinalLocalVariableCheck"/>
<error line="20" column="5" severity="error" message="Class &apos;Clock&apos; looks like designed for extension (can be subclassed), but the method &apos;getPosition&apos; does not have javadoc that explains how to do that safely. If class is not designed for extension consider making the class &apos;Clock&apos; final or making the method &apos;getPosition&apos; static/final/abstract/empty, or adding allowed annotation for the method." source="com.puppycrawl.tools.checkstyle.checks.design.DesignForExtensionCheck"/>
<error line="25" column="5" severity="error" message="Class &apos;Clock&apos; looks like designed for extension (can be subclassed), but the method &apos;getType&apos; does not have javadoc that explains how to do that safely. If class is not designed for extension consider making the class &apos;Clock&apos; final or making the method &apos;getType&apos; static/final/abstract/empty, or adding allowed annotation for the method." source="com.puppycrawl.tools.checkstyle.checks.design.DesignForExtensionCheck"/>
<error line="29" severity="error" message="Line has trailing spaces." source="com.puppycrawl.tools.checkstyle.checks.regexp.RegexpSinglelineCheck"/>
</file>
<file name="C:\Users\galli\Desktop\ProgettoSnake\snake-runner\src\main\java\snakerunner\model\impl\FoodImpl.java">
<error line="8" column="1" severity="error" message="Missing a Javadoc comment." source="com.puppycrawl.tools.checkstyle.checks.javadoc.MissingJavadocTypeCheck"/>
<error line="8" column="45" severity="error" message="&apos;{&apos; is not preceded with whitespace." source="com.puppycrawl.tools.checkstyle.checks.whitespace.WhitespaceAroundCheck"/>
<error line="9" column="19" severity="error" message="&apos;static&apos; modifier out of order with the JLS suggestions." source="com.puppycrawl.tools.checkstyle.checks.modifier.ModifierOrderCheck"/>
<error line="12" column="5" severity="error" message="Missing a Javadoc comment." source="com.puppycrawl.tools.checkstyle.checks.javadoc.MissingJavadocMethodCheck"/>
<error line="12" column="21" severity="error" message="Parameter position should be final." source="com.puppycrawl.tools.checkstyle.checks.FinalParametersCheck"/>
<error line="12" column="47" severity="error" message="Variable &apos;position&apos; should be declared final." source="com.puppycrawl.tools.checkstyle.checks.coding.FinalLocalVariableCheck"/>
<error line="12" column="56" severity="error" message="&apos;{&apos; is not preceded with whitespace." source="com.puppycrawl.tools.checkstyle.checks.whitespace.WhitespaceAroundCheck"/>
<error line="16" column="5" severity="error" message="Class &apos;FoodImpl&apos; looks like designed for extension (can be subclassed), but the method &apos;consume&apos; does not have javadoc that explains how to do that safely. If class is not designed for extension consider making the class &apos;FoodImpl&apos; final or making the method &apos;consume&apos; static/final/abstract/empty, or adding allowed annotation for the method." source="com.puppycrawl.tools.checkstyle.checks.design.DesignForExtensionCheck"/>
<error line="17" column="25" severity="error" message="Parameter model should be final." source="com.puppycrawl.tools.checkstyle.checks.FinalParametersCheck"/>
<error line="17" column="35" severity="error" message="Variable &apos;model&apos; should be declared final." source="com.puppycrawl.tools.checkstyle.checks.coding.FinalLocalVariableCheck"/>
<error line="21" column="5" severity="error" message="Class &apos;FoodImpl&apos; looks like designed for extension (can be subclassed), but the method &apos;getPosition&apos; does not have javadoc that explains how to do that safely. If class is not designed for extension consider making the class &apos;FoodImpl&apos; final or making the method &apos;getPosition&apos; static/final/abstract/empty, or adding allowed annotation for the method." source="com.puppycrawl.tools.checkstyle.checks.design.DesignForExtensionCheck"/>
<error line="26" column="5" severity="error" message="Class &apos;FoodImpl&apos; looks like designed for extension (can be subclassed), but the method &apos;getType&apos; does not have javadoc that explains how to do that safely. If class is not designed for extension consider making the class &apos;FoodImpl&apos; final or making the method &apos;getType&apos; static/final/abstract/empty, or adding allowed annotation for the method." source="com.puppycrawl.tools.checkstyle.checks.design.DesignForExtensionCheck"/>
</file>
<file name="C:\Users\galli\Desktop\ProgettoSnake\snake-runner\src\main\java\snakerunner\model\impl\GameModelImpl.java">
<error line="15" column="1" severity="error" message="Missing a Javadoc comment." source="com.puppycrawl.tools.checkstyle.checks.javadoc.MissingJavadocTypeCheck"/>
<error line="22" column="25" severity="error" message="&apos;150&apos; is a magic number." source="com.puppycrawl.tools.checkstyle.checks.coding.MagicNumberCheck"/>
<error line="23" column="17" severity="error" message="Variable &apos;slowEffectDuration&apos; explicitly initialized to &apos;0&apos; (default value for its type)." source="com.puppycrawl.tools.checkstyle.checks.coding.ExplicitInitializationCheck"/>
<error line="25" column="5" severity="error" message="Missing a Javadoc comment." source="com.puppycrawl.tools.checkstyle.checks.javadoc.MissingJavadocMethodCheck"/>
<error line="28" column="5" severity="error" message="Class &apos;GameModelImpl&apos; looks like designed for extension (can be subclassed), but the method &apos;getObstacles&apos; does not have javadoc that explains how to do that safely. If class is not designed for extension consider making the class &apos;GameModelImpl&apos; final or making the method &apos;getObstacles&apos; static/final/abstract/empty, or adding allowed annotation for the method." source="com.puppycrawl.tools.checkstyle.checks.design.DesignForExtensionCheck"/>
<error line="29" column="57" severity="error" message="&apos;{&apos; is not preceded with whitespace." source="com.puppycrawl.tools.checkstyle.checks.whitespace.WhitespaceAroundCheck"/>
<error line="37" column="5" severity="error" message="Class &apos;GameModelImpl&apos; looks like designed for extension (can be subclassed), but the method &apos;update&apos; does not have javadoc that explains how to do that safely. If class is not designed for extension consider making the class &apos;GameModelImpl&apos; final or making the method &apos;update&apos; static/final/abstract/empty, or adding allowed annotation for the method." source="com.puppycrawl.tools.checkstyle.checks.design.DesignForExtensionCheck"/>
<error line="37" column="5" severity="error" message="&apos;METHOD_DEF&apos; should be separated from previous line." source="com.puppycrawl.tools.checkstyle.checks.whitespace.EmptyLineSeparatorCheck"/>
<error line="58" column="25" severity="error" message="&apos;150&apos; is a magic number." source="com.puppycrawl.tools.checkstyle.checks.coding.MagicNumberCheck"/>
<error line="65" severity="error" message="Line has trailing spaces." source="com.puppycrawl.tools.checkstyle.checks.regexp.RegexpSinglelineCheck"/>
<error line="68" column="5" severity="error" message="Class &apos;GameModelImpl&apos; looks like designed for extension (can be subclassed), but the method &apos;isGameOver&apos; does not have javadoc that explains how to do that safely. If class is not designed for extension consider making the class &apos;GameModelImpl&apos; final or making the method &apos;isGameOver&apos; static/final/abstract/empty, or adding allowed annotation for the method." source="com.puppycrawl.tools.checkstyle.checks.design.DesignForExtensionCheck"/>
<error line="70" column="9" severity="error" message="Block comment has incorrect indentation level 8, expected is 7, indentation should be the same level as line 77." source="com.puppycrawl.tools.checkstyle.checks.indentation.CommentsIndentationCheck"/>
<error line="80" column="5" severity="error" message="Class &apos;GameModelImpl&apos; looks like designed for extension (can be subclassed), but the method &apos;loadLevel&apos; does not have javadoc that explains how to do that safely. If class is not designed for extension consider making the class &apos;GameModelImpl&apos; final or making the method &apos;loadLevel&apos; static/final/abstract/empty, or adding allowed annotation for the method." source="com.puppycrawl.tools.checkstyle.checks.design.DesignForExtensionCheck"/>
<error line="81" column="27" severity="error" message="Parameter data should be final." source="com.puppycrawl.tools.checkstyle.checks.FinalParametersCheck"/>
<error line="81" column="37" severity="error" message="Variable &apos;data&apos; should be declared final." source="com.puppycrawl.tools.checkstyle.checks.coding.FinalLocalVariableCheck"/>
<error line="95" column="5" severity="error" message="Class &apos;GameModelImpl&apos; looks like designed for extension (can be subclassed), but the method &apos;getSnake&apos; does not have javadoc that explains how to do that safely. If class is not designed for extension consider making the class &apos;GameModelImpl&apos; final or making the method &apos;getSnake&apos; static/final/abstract/empty, or adding allowed annotation for the method." source="com.puppycrawl.tools.checkstyle.checks.design.DesignForExtensionCheck"/>
<error line="100" column="5" severity="error" message="Class &apos;GameModelImpl&apos; looks like designed for extension (can be subclassed), but the method &apos;getCollectibles&apos; does not have javadoc that explains how to do that safely. If class is not designed for extension consider making the class &apos;GameModelImpl&apos; final or making the method &apos;getCollectibles&apos; static/final/abstract/empty, or adding allowed annotation for the method." source="com.puppycrawl.tools.checkstyle.checks.design.DesignForExtensionCheck"/>
<error line="102" severity="error" message="Line has trailing spaces." source="com.puppycrawl.tools.checkstyle.checks.regexp.RegexpSinglelineCheck"/>
<error line="105" column="5" severity="error" message="Class &apos;GameModelImpl&apos; looks like designed for extension (can be subclassed), but the method &apos;getLevel&apos; does not have javadoc that explains how to do that safely. If class is not designed for extension consider making the class &apos;GameModelImpl&apos; final or making the method &apos;getLevel&apos; static/final/abstract/empty, or adding allowed annotation for the method." source="com.puppycrawl.tools.checkstyle.checks.design.DesignForExtensionCheck"/>
<error line="110" column="5" severity="error" message="Class &apos;GameModelImpl&apos; looks like designed for extension (can be subclassed), but the method &apos;isLevelCompleted&apos; does not have javadoc that explains how to do that safely. If class is not designed for extension consider making the class &apos;GameModelImpl&apos; final or making the method &apos;isLevelCompleted&apos; static/final/abstract/empty, or adding allowed annotation for the method." source="com.puppycrawl.tools.checkstyle.checks.design.DesignForExtensionCheck"/>
<error line="115" column="5" severity="error" message="Class &apos;GameModelImpl&apos; looks like designed for extension (can be subclassed), but the method &apos;addScore&apos; does not have javadoc that explains how to do that safely. If class is not designed for extension consider making the class &apos;GameModelImpl&apos; final or making the method &apos;addScore&apos; static/final/abstract/empty, or adding allowed annotation for the method." source="com.puppycrawl.tools.checkstyle.checks.design.DesignForExtensionCheck"/>
<error line="116" column="26" severity="error" message="Parameter points should be final." source="com.puppycrawl.tools.checkstyle.checks.FinalParametersCheck"/>
<error line="116" column="30" severity="error" message="Variable &apos;points&apos; should be declared final." source="com.puppycrawl.tools.checkstyle.checks.coding.FinalLocalVariableCheck"/>
<error line="120" column="5" severity="error" message="Class &apos;GameModelImpl&apos; looks like designed for extension (can be subclassed), but the method &apos;getScore&apos; does not have javadoc that explains how to do that safely. If class is not designed for extension consider making the class &apos;GameModelImpl&apos; final or making the method &apos;getScore&apos; static/final/abstract/empty, or adding allowed annotation for the method." source="com.puppycrawl.tools.checkstyle.checks.design.DesignForExtensionCheck"/>
<error line="125" column="5" severity="error" message="Class &apos;GameModelImpl&apos; looks like designed for extension (can be subclassed), but the method &apos;applySlowEffect&apos; does not have javadoc that explains how to do that safely. If class is not designed for extension consider making the class &apos;GameModelImpl&apos; final or making the method &apos;applySlowEffect&apos; static/final/abstract/empty, or adding allowed annotation for the method." source="com.puppycrawl.tools.checkstyle.checks.design.DesignForExtensionCheck"/>
<error line="127" column="17" severity="error" message="&apos;300&apos; is a magic number." source="com.puppycrawl.tools.checkstyle.checks.coding.MagicNumberCheck"/>
<error line="128" column="30" severity="error" message="&apos;50&apos; is a magic number." source="com.puppycrawl.tools.checkstyle.checks.coding.MagicNumberCheck"/>
<error line="131" column="5" severity="error" message="Class &apos;GameModelImpl&apos; looks like designed for extension (can be subclassed), but the method &apos;getSpeed&apos; does not have javadoc that explains how to do that safely. If class is not designed for extension consider making the class &apos;GameModelImpl&apos; final or making the method &apos;getSpeed&apos; static/final/abstract/empty, or adding allowed annotation for the method." source="com.puppycrawl.tools.checkstyle.checks.design.DesignForExtensionCheck"/>
<error line="140" column="40" severity="error" message="Variable &apos;p&apos; should be declared final." source="com.puppycrawl.tools.checkstyle.checks.coding.FinalLocalVariableCheck"/>
<error line="145" column="26" severity="error" message="Variable &apos;c&apos; should be declared final." source="com.puppycrawl.tools.checkstyle.checks.coding.FinalLocalVariableCheck"/>
<error line="156" severity="error" message="Line has trailing spaces." source="com.puppycrawl.tools.checkstyle.checks.regexp.RegexpSinglelineCheck"/>
<error line="157" column="5" severity="error" message="&apos;METHOD_DEF&apos; has more than 1 empty lines before." source="com.puppycrawl.tools.checkstyle.checks.whitespace.EmptyLineSeparatorCheck"/>
<error line="158" column="31" severity="error" message="Variable &apos;iterator&apos; should be declared final." source="com.puppycrawl.tools.checkstyle.checks.coding.FinalLocalVariableCheck"/>
<error line="159" column="35" severity="error" message="Variable &apos;snakeHead&apos; should be declared final." source="com.puppycrawl.tools.checkstyle.checks.coding.FinalLocalVariableCheck"/>
<error line="162" column="25" severity="error" message="Variable &apos;c&apos; should be declared final." source="com.puppycrawl.tools.checkstyle.checks.coding.FinalLocalVariableCheck"/>
</file>
<file name="C:\Users\galli\Desktop\ProgettoSnake\snake-runner\src\main\java\snakerunner\model\impl\GridImpl.java">
<error line="6" column="1" severity="error" message="Missing a Javadoc comment." source="com.puppycrawl.tools.checkstyle.checks.javadoc.MissingJavadocTypeCheck"/>
<error line="6" column="38" severity="error" message="&apos;{&apos; is not preceded with whitespace." source="com.puppycrawl.tools.checkstyle.checks.whitespace.WhitespaceAroundCheck"/>
<error line="10" column="5" severity="error" message="Missing a Javadoc comment." source="com.puppycrawl.tools.checkstyle.checks.javadoc.MissingJavadocMethodCheck"/>
<error line="10" column="21" severity="error" message="Parameter width should be final." source="com.puppycrawl.tools.checkstyle.checks.FinalParametersCheck"/>
<error line="10" column="25" severity="error" message="Variable &apos;width&apos; should be declared final." source="com.puppycrawl.tools.checkstyle.checks.coding.FinalLocalVariableCheck"/>
<error line="10" column="32" severity="error" message="Parameter height should be final." source="com.puppycrawl.tools.checkstyle.checks.FinalParametersCheck"/>
<error line="10" column="36" severity="error" message="Variable &apos;height&apos; should be declared final." source="com.puppycrawl.tools.checkstyle.checks.coding.FinalLocalVariableCheck"/>
<error line="15" column="5" severity="error" message="Class &apos;GridImpl&apos; looks like designed for extension (can be subclassed), but the method &apos;isInsideGrid&apos; does not have javadoc that explains how to do that safely. If class is not designed for extension consider making the class &apos;GridImpl&apos; final or making the method &apos;isInsideGrid&apos; static/final/abstract/empty, or adding allowed annotation for the method." source="com.puppycrawl.tools.checkstyle.checks.design.DesignForExtensionCheck"/>
<error line="16" column="33" severity="error" message="Parameter position should be final." source="com.puppycrawl.tools.checkstyle.checks.FinalParametersCheck"/>
<error line="16" column="59" severity="error" message="Variable &apos;position&apos; should be declared final." source="com.puppycrawl.tools.checkstyle.checks.coding.FinalLocalVariableCheck"/>
<error line="17" column="13" severity="error" message="Variable &apos;x&apos; should be declared final." source="com.puppycrawl.tools.checkstyle.checks.coding.FinalLocalVariableCheck"/>
<error line="18" column="13" severity="error" message="Variable &apos;y&apos; should be declared final." source="com.puppycrawl.tools.checkstyle.checks.coding.FinalLocalVariableCheck"/>
<error line="21" severity="error" message="Line has trailing spaces." source="com.puppycrawl.tools.checkstyle.checks.regexp.RegexpSinglelineCheck"/>
</file>
<file name="C:\Users\galli\Desktop\ProgettoSnake\snake-runner\src\main\java\snakerunner\model\impl\Key.java">
<error line="8" column="1" severity="error" message="Missing a Javadoc comment." source="com.puppycrawl.tools.checkstyle.checks.javadoc.MissingJavadocTypeCheck"/>
<error line="8" column="40" severity="error" message="&apos;{&apos; is not preceded with whitespace." source="com.puppycrawl.tools.checkstyle.checks.whitespace.WhitespaceAroundCheck"/>
<error line="11" column="5" severity="error" message="Missing a Javadoc comment." source="com.puppycrawl.tools.checkstyle.checks.javadoc.MissingJavadocMethodCheck"/>
<error line="11" column="16" severity="error" message="Parameter position should be final." source="com.puppycrawl.tools.checkstyle.checks.FinalParametersCheck"/>
<error line="11" column="42" severity="error" message="Variable &apos;position&apos; should be declared final." source="com.puppycrawl.tools.checkstyle.checks.coding.FinalLocalVariableCheck"/>
<error line="11" column="51" severity="error" message="&apos;{&apos; is not preceded with whitespace." source="com.puppycrawl.tools.checkstyle.checks.whitespace.WhitespaceAroundCheck"/>
<error line="16" column="25" severity="error" message="Parameter model should be final." source="com.puppycrawl.tools.checkstyle.checks.FinalParametersCheck"/>
<error line="16" column="35" severity="error" message="Variable &apos;model&apos; should be declared final." source="com.puppycrawl.tools.checkstyle.checks.coding.FinalLocalVariableCheck"/>
<error line="20" column="5" severity="error" message="Class &apos;Key&apos; looks like designed for extension (can be subclassed), but the method &apos;getPosition&apos; does not have javadoc that explains how to do that safely. If class is not designed for extension consider making the class &apos;Key&apos; final or making the method &apos;getPosition&apos; static/final/abstract/empty, or adding allowed annotation for the method." source="com.puppycrawl.tools.checkstyle.checks.design.DesignForExtensionCheck"/>
<error line="25" column="5" severity="error" message="Class &apos;Key&apos; looks like designed for extension (can be subclassed), but the method &apos;getType&apos; does not have javadoc that explains how to do that safely. If class is not designed for extension consider making the class &apos;Key&apos; final or making the method &apos;getType&apos; static/final/abstract/empty, or adding allowed annotation for the method." source="com.puppycrawl.tools.checkstyle.checks.design.DesignForExtensionCheck"/>
<error line="29" severity="error" message="Line has trailing spaces." source="com.puppycrawl.tools.checkstyle.checks.regexp.RegexpSinglelineCheck"/>
</file>
<file name="C:\Users\galli\Desktop\ProgettoSnake\snake-runner\src\main\java\snakerunner\model\impl\LevelDataImpl.java">
<error line="12" column="1" severity="error" message="Missing a Javadoc comment." source="com.puppycrawl.tools.checkstyle.checks.javadoc.MissingJavadocTypeCheck"/>
<error line="16" column="5" severity="error" message="Missing a Javadoc comment." source="com.puppycrawl.tools.checkstyle.checks.javadoc.MissingJavadocMethodCheck"/>
<error line="16" column="26" severity="error" message="Parameter obstacles should be final." source="com.puppycrawl.tools.checkstyle.checks.FinalParametersCheck"/>
<error line="16" column="57" severity="error" message="Variable &apos;obstacles&apos; should be declared final." source="com.puppycrawl.tools.checkstyle.checks.coding.FinalLocalVariableCheck"/>
<error line="16" column="68" severity="error" message="Parameter collectibles should be final." source="com.puppycrawl.tools.checkstyle.checks.FinalParametersCheck"/>
<error line="16" column="86" severity="error" message="Variable &apos;collectibles&apos; should be declared final." source="com.puppycrawl.tools.checkstyle.checks.coding.FinalLocalVariableCheck"/>
<error line="22" column="5" severity="error" message="Class &apos;LevelDataImpl&apos; looks like designed for extension (can be subclassed), but the method &apos;getObstacles&apos; does not have javadoc that explains how to do that safely. If class is not designed for extension consider making the class &apos;LevelDataImpl&apos; final or making the method &apos;getObstacles&apos; static/final/abstract/empty, or adding allowed annotation for the method." source="com.puppycrawl.tools.checkstyle.checks.design.DesignForExtensionCheck"/>
<error line="28" column="5" severity="error" message="Class &apos;LevelDataImpl&apos; looks like designed for extension (can be subclassed), but the method &apos;getCollectibles&apos; does not have javadoc that explains how to do that safely. If class is not designed for extension consider making the class &apos;LevelDataImpl&apos; final or making the method &apos;getCollectibles&apos; static/final/abstract/empty, or adding allowed annotation for the method." source="com.puppycrawl.tools.checkstyle.checks.design.DesignForExtensionCheck"/>
<error line="32" severity="error" message="Line has trailing spaces." source="com.puppycrawl.tools.checkstyle.checks.regexp.RegexpSinglelineCheck"/>
</file>
<file name="C:\Users\galli\Desktop\ProgettoSnake\snake-runner\src\main\java\snakerunner\model\impl\LevelImpl.java">
<error line="10" column="1" severity="error" message="Missing a Javadoc comment." source="com.puppycrawl.tools.checkstyle.checks.javadoc.MissingJavadocTypeCheck"/>
<error line="10" column="40" severity="error" message="&apos;{&apos; is not preceded with whitespace." source="com.puppycrawl.tools.checkstyle.checks.whitespace.WhitespaceAroundCheck"/>
<error line="15" column="5" severity="error" message="Missing a Javadoc comment." source="com.puppycrawl.tools.checkstyle.checks.javadoc.MissingJavadocMethodCheck"/>
<error line="15" column="22" severity="error" message="Parameter data should be final." source="com.puppycrawl.tools.checkstyle.checks.FinalParametersCheck"/>
<error line="15" column="32" severity="error" message="Variable &apos;data&apos; should be declared final." source="com.puppycrawl.tools.checkstyle.checks.coding.FinalLocalVariableCheck"/>
<error line="16" column="34" severity="error" message="&apos;20&apos; is a magic number." source="com.puppycrawl.tools.checkstyle.checks.coding.MagicNumberCheck"/>
<error line="16" column="38" severity="error" message="&apos;20&apos; is a magic number." source="com.puppycrawl.tools.checkstyle.checks.coding.MagicNumberCheck"/>
<error line="20" column="5" severity="error" message="Class &apos;LevelImpl&apos; looks like designed for extension (can be subclassed), but the method &apos;getGrid&apos; does not have javadoc that explains how to do that safely. If class is not designed for extension consider making the class &apos;LevelImpl&apos; final or making the method &apos;getGrid&apos; static/final/abstract/empty, or adding allowed annotation for the method." source="com.puppycrawl.tools.checkstyle.checks.design.DesignForExtensionCheck"/>
<error line="25" column="5" severity="error" message="Class &apos;LevelImpl&apos; looks like designed for extension (can be subclassed), but the method &apos;getObstacles&apos; does not have javadoc that explains how to do that safely. If class is not designed for extension consider making the class &apos;LevelImpl&apos; final or making the method &apos;getObstacles&apos; static/final/abstract/empty, or adding allowed annotation for the method." source="com.puppycrawl.tools.checkstyle.checks.design.DesignForExtensionCheck"/>
<error line="30" column="5" severity="error" message="Class &apos;LevelImpl&apos; looks like designed for extension (can be subclassed), but the method &apos;isBlocked&apos; does not have javadoc that explains how to do that safely. If class is not designed for extension consider making the class &apos;LevelImpl&apos; final or making the method &apos;isBlocked&apos; static/final/abstract/empty, or adding allowed annotation for the method." source="com.puppycrawl.tools.checkstyle.checks.design.DesignForExtensionCheck"/>
<error line="31" column="30" severity="error" message="Parameter position should be final." source="com.puppycrawl.tools.checkstyle.checks.FinalParametersCheck"/>
<error line="31" column="56" severity="error" message="Variable &apos;position&apos; should be declared final." source="com.puppycrawl.tools.checkstyle.checks.coding.FinalLocalVariableCheck"/>
</file>
<file name="C:\Users\galli\Desktop\ProgettoSnake\snake-runner\src\main\java\snakerunner\model\impl\LevelLoader.java">
<error line="13" column="1" severity="error" message="Missing a Javadoc comment." source="com.puppycrawl.tools.checkstyle.checks.javadoc.MissingJavadocTypeCheck"/>
<error line="15" column="27" severity="error" message="&apos;{&apos; is not followed by whitespace." source="com.puppycrawl.tools.checkstyle.checks.whitespace.WhitespaceAroundCheck"/>
<error line="15" column="28" severity="error" message="&apos;}&apos; is not preceded with whitespace." source="com.puppycrawl.tools.checkstyle.checks.whitespace.WhitespaceAroundCheck"/>
<error line="17" column="5" severity="error" message="Missing a Javadoc comment." source="com.puppycrawl.tools.checkstyle.checks.javadoc.MissingJavadocMethodCheck"/>
<error line="17" column="34" severity="error" message="Parameter lines should be final." source="com.puppycrawl.tools.checkstyle.checks.FinalParametersCheck"/>
<error line="17" column="47" severity="error" message="Variable &apos;lines&apos; should be declared final." source="com.puppycrawl.tools.checkstyle.checks.coding.FinalLocalVariableCheck"/>
<error line="18" severity="error" message="Line has trailing spaces." source="com.puppycrawl.tools.checkstyle.checks.regexp.RegexpSinglelineCheck"/>
<error line="19" column="40" severity="error" message="Variable &apos;obstacles&apos; should be declared final." source="com.puppycrawl.tools.checkstyle.checks.coding.FinalLocalVariableCheck"/>
<error line="20" column="27" severity="error" message="Variable &apos;collectibles&apos; should be declared final." source="com.puppycrawl.tools.checkstyle.checks.coding.FinalLocalVariableCheck"/>
<error line="24" column="21" severity="error" message="Variable &apos;raw&apos; should be declared final." source="com.puppycrawl.tools.checkstyle.checks.coding.FinalLocalVariableCheck"/>
<error line="25" column="20" severity="error" message="Variable &apos;line&apos; should be declared final." source="com.puppycrawl.tools.checkstyle.checks.coding.FinalLocalVariableCheck"/>
<error line="31" column="38" severity="error" message="String literal expressions should be on the left side of an equalsIgnoreCase comparison." source="com.puppycrawl.tools.checkstyle.checks.coding.EqualsAvoidNullCheck"/>
<error line="36" column="38" severity="error" message="String literal expressions should be on the left side of an equalsIgnoreCase comparison." source="com.puppycrawl.tools.checkstyle.checks.coding.EqualsAvoidNullCheck"/>
<error line="45" column="22" severity="error" message="Variable &apos;parts&apos; should be declared final." source="com.puppycrawl.tools.checkstyle.checks.coding.FinalLocalVariableCheck"/>
<error line="46" column="17" severity="error" message="Variable &apos;x&apos; should be declared final." source="com.puppycrawl.tools.checkstyle.checks.coding.FinalLocalVariableCheck"/>
<error line="47" column="17" severity="error" message="Variable &apos;y&apos; should be declared final." source="com.puppycrawl.tools.checkstyle.checks.coding.FinalLocalVariableCheck"/>
<error line="49" column="39" severity="error" message="Variable &apos;p&apos; should be declared final." source="com.puppycrawl.tools.checkstyle.checks.coding.FinalLocalVariableCheck"/>
<error line="51" column="31" severity="error" message="String literal expressions should be on the left side of an equals comparison." source="com.puppycrawl.tools.checkstyle.checks.coding.EqualsAvoidNullCheck"/>
<error line="53" column="38" severity="error" message="String literal expressions should be on the left side of an equals comparison." source="com.puppycrawl.tools.checkstyle.checks.coding.EqualsAvoidNullCheck"/>
<error line="54" column="24" severity="error" message="Variable &apos;type&apos; should be declared final." source="com.puppycrawl.tools.checkstyle.checks.coding.FinalLocalVariableCheck"/>
<error line="60" severity="error" message="Line has trailing spaces." source="com.puppycrawl.tools.checkstyle.checks.regexp.RegexpSinglelineCheck"/>
<error line="62" severity="error" message="Line has trailing spaces." source="com.puppycrawl.tools.checkstyle.checks.regexp.RegexpSinglelineCheck"/>
</file>
<file name="C:\Users\galli\Desktop\ProgettoSnake\snake-runner\src\main\java\snakerunner\model\Level.java">
<error line="7" column="1" severity="error" message="Missing a Javadoc comment." source="com.puppycrawl.tools.checkstyle.checks.javadoc.MissingJavadocTypeCheck"/>
<error line="10" severity="error" message="Javadoc tag &apos;@return&apos; should be preceded with an empty line." source="com.puppycrawl.tools.checkstyle.checks.javadoc.RequireEmptyLineBeforeBlockTagGroupCheck"/>
<error line="12" column="5" severity="error" message="Redundant &apos;public&apos; modifier." source="com.puppycrawl.tools.checkstyle.checks.modifier.RedundantModifierCheck"/>
<error line="16" severity="error" message="Javadoc tag &apos;@return&apos; should be preceded with an empty line." source="com.puppycrawl.tools.checkstyle.checks.javadoc.RequireEmptyLineBeforeBlockTagGroupCheck"/>
<error line="18" column="5" severity="error" message="Redundant &apos;public&apos; modifier." source="com.puppycrawl.tools.checkstyle.checks.modifier.RedundantModifierCheck"/>
<error line="22" severity="error" message="Javadoc tag &apos;@param&apos; should be preceded with an empty line." source="com.puppycrawl.tools.checkstyle.checks.javadoc.RequireEmptyLineBeforeBlockTagGroupCheck"/>
<error line="25" column="5" severity="error" message="Redundant &apos;public&apos; modifier." source="com.puppycrawl.tools.checkstyle.checks.modifier.RedundantModifierCheck"/>
<error line="25" column="13" severity="error" message="Use a single space to separate non-whitespace characters." source="com.puppycrawl.tools.checkstyle.checks.whitespace.SingleSpaceSeparatorCheck"/>
</file>
<file name="C:\Users\galli\Desktop\ProgettoSnake\snake-runner\src\main\java\snakerunner\model\LevelData.java">
<error line="8" column="1" severity="error" message="Missing a Javadoc comment." source="com.puppycrawl.tools.checkstyle.checks.javadoc.MissingJavadocTypeCheck"/>
<error line="11" severity="error" message="Javadoc tag &apos;@return&apos; should be preceded with an empty line." source="com.puppycrawl.tools.checkstyle.checks.javadoc.RequireEmptyLineBeforeBlockTagGroupCheck"/>
<error line="13" column="5" severity="error" message="Redundant &apos;public&apos; modifier." source="com.puppycrawl.tools.checkstyle.checks.modifier.RedundantModifierCheck"/>
<error line="17" severity="error" message="Javadoc tag &apos;@return&apos; should be preceded with an empty line." source="com.puppycrawl.tools.checkstyle.checks.javadoc.RequireEmptyLineBeforeBlockTagGroupCheck"/>
<error line="19" column="5" severity="error" message="Redundant &apos;public&apos; modifier." source="com.puppycrawl.tools.checkstyle.checks.modifier.RedundantModifierCheck"/>
</file>
<file name="C:\Users\galli\Desktop\ProgettoSnake\snake-runner\src\main\java\snakerunner\model\Obstacle.java">
<error line="1" severity="error" message="File does not end with a newline." source="com.puppycrawl.tools.checkstyle.checks.NewlineAtEndOfFileCheck"/>
<error line="8" column="1" severity="error" message="Missing a Javadoc comment." source="com.puppycrawl.tools.checkstyle.checks.javadoc.MissingJavadocTypeCheck"/>
<error line="8" column="37" severity="error" message="&apos;{&apos; is not preceded with whitespace." source="com.puppycrawl.tools.checkstyle.checks.whitespace.WhitespaceAroundCheck"/>
<error line="9" severity="error" message="Line has trailing spaces." source="com.puppycrawl.tools.checkstyle.checks.regexp.RegexpSinglelineCheck"/>
<error line="10" column="1" severity="error" message="Comment has incorrect indentation level 0, expected is 4, indentation should be the same level as line 11." source="com.puppycrawl.tools.checkstyle.checks.indentation.CommentsIndentationCheck"/>
<error line="15" column="5" severity="error" message="Missing a Javadoc comment." source="com.puppycrawl.tools.checkstyle.checks.javadoc.MissingJavadocMethodCheck"/>
<error line="15" column="21" severity="error" message="Parameter x should be final." source="com.puppycrawl.tools.checkstyle.checks.FinalParametersCheck"/>
<error line="15" column="25" severity="error" message="Variable &apos;x&apos; should be declared final." source="com.puppycrawl.tools.checkstyle.checks.coding.FinalLocalVariableCheck"/>
<error line="15" column="28" severity="error" message="Parameter y should be final." source="com.puppycrawl.tools.checkstyle.checks.FinalParametersCheck"/>
<error line="15" column="32" severity="error" message="Variable &apos;y&apos; should be declared final." source="com.puppycrawl.tools.checkstyle.checks.coding.FinalLocalVariableCheck"/>
<error line="15" column="35" severity="error" message="Parameter width should be final." source="com.puppycrawl.tools.checkstyle.checks.FinalParametersCheck"/>
<error line="15" column="39" severity="error" message="Variable &apos;width&apos; should be declared final." source="com.puppycrawl.tools.checkstyle.checks.coding.FinalLocalVariableCheck"/>
<error line="15" column="46" severity="error" message="Parameter height should be final." source="com.puppycrawl.tools.checkstyle.checks.FinalParametersCheck"/>
<error line="15" column="50" severity="error" message="Variable &apos;height&apos; should be declared final." source="com.puppycrawl.tools.checkstyle.checks.coding.FinalLocalVariableCheck"/>
<error line="15" column="57" severity="error" message="&apos;{&apos; is not preceded with whitespace." source="com.puppycrawl.tools.checkstyle.checks.whitespace.WhitespaceAroundCheck"/>
<error line="16" column="15" severity="error" message="&apos;=&apos; is not followed by whitespace." source="com.puppycrawl.tools.checkstyle.checks.whitespace.WhitespaceAroundCheck"/>
<error line="16" column="15" severity="error" message="&apos;=&apos; is not preceded with whitespace." source="com.puppycrawl.tools.checkstyle.checks.whitespace.WhitespaceAroundCheck"/>
<error line="17" column="15" severity="error" message="&apos;=&apos; is not followed by whitespace." source="com.puppycrawl.tools.checkstyle.checks.whitespace.WhitespaceAroundCheck"/>
<error line="17" column="15" severity="error" message="&apos;=&apos; is not preceded with whitespace." source="com.puppycrawl.tools.checkstyle.checks.whitespace.WhitespaceAroundCheck"/>
<error line="18" column="19" severity="error" message="&apos;=&apos; is not followed by whitespace." source="com.puppycrawl.tools.checkstyle.checks.whitespace.WhitespaceAroundCheck"/>
<error line="18" column="19" severity="error" message="&apos;=&apos; is not preceded with whitespace." source="com.puppycrawl.tools.checkstyle.checks.whitespace.WhitespaceAroundCheck"/>
<error line="19" column="20" severity="error" message="&apos;=&apos; is not followed by whitespace." source="com.puppycrawl.tools.checkstyle.checks.whitespace.WhitespaceAroundCheck"/>
<error line="19" column="20" severity="error" message="&apos;=&apos; is not preceded with whitespace." source="com.puppycrawl.tools.checkstyle.checks.whitespace.WhitespaceAroundCheck"/>
<error line="23" column="5" severity="error" message="Class &apos;Obstacle&apos; looks like designed for extension (can be subclassed), but the method &apos;getWidth&apos; does not have javadoc that explains how to do that safely. If class is not designed for extension consider making the class &apos;Obstacle&apos; final or making the method &apos;getWidth&apos; static/final/abstract/empty, or adding allowed annotation for the method." source="com.puppycrawl.tools.checkstyle.checks.design.DesignForExtensionCheck"/>
<error line="23" column="5" severity="error" message="Missing a Javadoc comment." source="com.puppycrawl.tools.checkstyle.checks.javadoc.MissingJavadocMethodCheck"/>
<error line="23" column="26" severity="error" message="&apos;{&apos; is not preceded with whitespace." source="com.puppycrawl.tools.checkstyle.checks.whitespace.WhitespaceAroundCheck"/>
<error line="28" column="5" severity="error" message="Class &apos;Obstacle&apos; looks like designed for extension (can be subclassed), but the method &apos;getHeight&apos; does not have javadoc that explains how to do that safely. If class is not designed for extension consider making the class &apos;Obstacle&apos; final or making the method &apos;getHeight&apos; static/final/abstract/empty, or adding allowed annotation for the method." source="com.puppycrawl.tools.checkstyle.checks.design.DesignForExtensionCheck"/>
<error line="28" column="5" severity="error" message="Missing a Javadoc comment." source="com.puppycrawl.tools.checkstyle.checks.javadoc.MissingJavadocMethodCheck"/>
<error line="28" column="27" severity="error" message="&apos;{&apos; is not preceded with whitespace." source="com.puppycrawl.tools.checkstyle.checks.whitespace.WhitespaceAroundCheck"/>
<error line="32" column="1" severity="error" message="Comment has incorrect indentation level 0, expected is 4, indentation should be the same level as line 33." source="com.puppycrawl.tools.checkstyle.checks.indentation.CommentsIndentationCheck"/>
<error line="33" column="5" severity="error" message="Class &apos;Obstacle&apos; looks like designed for extension (can be subclassed), but the method &apos;isHit&apos; does not have javadoc that explains how to do that safely. If class is not designed for extension consider making the class &apos;Obstacle&apos; final or making the method &apos;isHit&apos; static/final/abstract/empty, or adding allowed annotation for the method." source="com.puppycrawl.tools.checkstyle.checks.design.DesignForExtensionCheck"/>
<error line="33" column="5" severity="error" message="Missing a Javadoc comment." source="com.puppycrawl.tools.checkstyle.checks.javadoc.MissingJavadocMethodCheck"/>
<error line="33" column="26" severity="error" message="Parameter targetX should be final." source="com.puppycrawl.tools.checkstyle.checks.FinalParametersCheck"/>
<error line="33" column="30" severity="error" message="Variable &apos;targetX&apos; should be declared final." source="com.puppycrawl.tools.checkstyle.checks.coding.FinalLocalVariableCheck"/>
<error line="33" column="39" severity="error" message="Parameter targetY should be final." source="com.puppycrawl.tools.checkstyle.checks.FinalParametersCheck"/>
<error line="33" column="43" severity="error" message="Variable &apos;targetY&apos; should be declared final." source="com.puppycrawl.tools.checkstyle.checks.coding.FinalLocalVariableCheck"/>
<error line="33" column="51" severity="error" message="&apos;{&apos; is not preceded with whitespace." source="com.puppycrawl.tools.checkstyle.checks.whitespace.WhitespaceAroundCheck"/>
<error line="34" severity="error" message="Line is longer than 130 characters (found 132)." source="com.puppycrawl.tools.checkstyle.checks.sizes.LineLengthCheck"/>
<error line="34" column="20" severity="error" message="&apos;&gt;=&apos; is not preceded with whitespace." source="com.puppycrawl.tools.checkstyle.checks.whitespace.WhitespaceAroundCheck"/>
<error line="34" column="40" severity="error" message="&apos;&lt;&apos; is not preceded with whitespace." source="com.puppycrawl.tools.checkstyle.checks.whitespace.WhitespaceAroundCheck"/>
<error line="34" column="62" severity="error" message="&apos;&amp;&amp;&apos; should be on a new line." source="com.puppycrawl.tools.checkstyle.checks.whitespace.OperatorWrapCheck"/>
<error line="35" severity="error" message="Line is longer than 130 characters (found 134)." source="com.puppycrawl.tools.checkstyle.checks.sizes.LineLengthCheck"/>
<error line="35" column="20" severity="error" message="&apos;&gt;=&apos; is not preceded with whitespace." source="com.puppycrawl.tools.checkstyle.checks.whitespace.WhitespaceAroundCheck"/>
<error line="35" column="40" severity="error" message="&apos;&lt;&apos; is not preceded with whitespace." source="com.puppycrawl.tools.checkstyle.checks.whitespace.WhitespaceAroundCheck"/>
<error line="35" column="62" severity="error" message="&apos;;&apos; is not followed by whitespace." source="com.puppycrawl.tools.checkstyle.checks.whitespace.WhitespaceAfterCheck"/>
<error line="35" column="65" severity="error" message="There is more than 1 empty line after this line." source="com.puppycrawl.tools.checkstyle.checks.whitespace.EmptyLineSeparatorCheck"/>
<error line="36" severity="error" message="Line has trailing spaces." source="com.puppycrawl.tools.checkstyle.checks.regexp.RegexpSinglelineCheck"/>
<error line="41" column="5" severity="error" message="Class &apos;Obstacle&apos; looks like designed for extension (can be subclassed), but the method &apos;getOccupiedPositions&apos; does not have javadoc that explains how to do that safely. If class is not designed for extension consider making the class &apos;Obstacle&apos; final or making the method &apos;getOccupiedPositions&apos; static/final/abstract/empty, or adding allowed annotation for the method." source="com.puppycrawl.tools.checkstyle.checks.design.DesignForExtensionCheck"/>
<error line="41" column="5" severity="error" message="Missing a Javadoc comment." source="com.puppycrawl.tools.checkstyle.checks.javadoc.MissingJavadocMethodCheck"/>
<error line="41" column="65" severity="error" message="&apos;{&apos; is not preceded with whitespace." source="com.puppycrawl.tools.checkstyle.checks.whitespace.WhitespaceAroundCheck"/>
<error line="42" column="40" severity="error" message="Variable &apos;positions&apos; should be declared final." source="com.puppycrawl.tools.checkstyle.checks.coding.FinalLocalVariableCheck"/>
<error line="43" column="9" severity="error" message="&apos;for&apos; is not followed by whitespace." source="com.puppycrawl.tools.checkstyle.checks.whitespace.WhitespaceAfterCheck"/>
<error line="43" column="9" severity="error" message="&apos;for&apos; is not followed by whitespace." source="com.puppycrawl.tools.checkstyle.checks.whitespace.WhitespaceAroundCheck"/>
<error line="43" column="25" severity="error" message="&apos;&lt;&apos; is not preceded with whitespace." source="com.puppycrawl.tools.checkstyle.checks.whitespace.WhitespaceAroundCheck"/>
<error line="43" column="38" severity="error" message="&apos;{&apos; is not preceded with whitespace." source="com.puppycrawl.tools.checkstyle.checks.whitespace.WhitespaceAroundCheck"/>
<error line="44" column="23" severity="error" message="&apos;=&apos; is not preceded with whitespace." source="com.puppycrawl.tools.checkstyle.checks.whitespace.WhitespaceAroundCheck"/>
<error line="44" column="29" severity="error" message="&apos;&lt;&apos; is not preceded with whitespace." source="com.puppycrawl.tools.checkstyle.checks.whitespace.WhitespaceAroundCheck"/>
<error line="44" column="43" severity="error" message="&apos;{&apos; is not preceded with whitespace." source="com.puppycrawl.tools.checkstyle.checks.whitespace.WhitespaceAroundCheck"/>
<error line="46" column="50" severity="error" message="&apos;,&apos; is not followed by whitespace." source="com.puppycrawl.tools.checkstyle.checks.whitespace.WhitespaceAfterCheck"/>
<error line="46" column="68" severity="error" message="&apos;+&apos; is not followed by whitespace." source="com.puppycrawl.tools.checkstyle.checks.whitespace.WhitespaceAroundCheck"/>
<error line="46" column="68" severity="error" message="&apos;+&apos; is not preceded with whitespace." source="com.puppycrawl.tools.checkstyle.checks.whitespace.WhitespaceAroundCheck"/>
<error line="50" column="5" severity="error" message="&apos;}&apos; has more than 1 empty lines after." source="com.puppycrawl.tools.checkstyle.checks.whitespace.EmptyLineSeparatorCheck"/>
<error line="55" severity="error" message="Line has trailing spaces." source="com.puppycrawl.tools.checkstyle.checks.regexp.RegexpSinglelineCheck"/>
</file>
<file name="C:\Users\galli\Desktop\ProgettoSnake\snake-runner\src\main\java\snakerunner\model\Snake.java">
<error line="7" column="1" severity="error" message="Missing a Javadoc comment." source="com.puppycrawl.tools.checkstyle.checks.javadoc.MissingJavadocTypeCheck"/>
<error line="7" column="19" severity="error" message="Use a single space to separate non-whitespace characters." source="com.puppycrawl.tools.checkstyle.checks.whitespace.SingleSpaceSeparatorCheck"/>
<error line="8" column="5" severity="error" message="Missing a Javadoc comment." source="com.puppycrawl.tools.checkstyle.checks.javadoc.MissingJavadocMethodCheck"/>
<error line="8" column="5" severity="error" message="Redundant &apos;public&apos; modifier." source="com.puppycrawl.tools.checkstyle.checks.modifier.RedundantModifierCheck"/>
<error line="10" column="5" severity="error" message="Missing a Javadoc comment." source="com.puppycrawl.tools.checkstyle.checks.javadoc.MissingJavadocMethodCheck"/>
<error line="10" column="5" severity="error" message="Redundant &apos;public&apos; modifier." source="com.puppycrawl.tools.checkstyle.checks.modifier.RedundantModifierCheck"/>
<error line="12" column="5" severity="error" message="Missing a Javadoc comment." source="com.puppycrawl.tools.checkstyle.checks.javadoc.MissingJavadocMethodCheck"/>
<error line="12" column="5" severity="error" message="Redundant &apos;public&apos; modifier." source="com.puppycrawl.tools.checkstyle.checks.modifier.RedundantModifierCheck"/>
<error line="14" column="5" severity="error" message="Missing a Javadoc comment." source="com.puppycrawl.tools.checkstyle.checks.javadoc.MissingJavadocMethodCheck"/>
<error line="14" column="5" severity="error" message="Redundant &apos;public&apos; modifier." source="com.puppycrawl.tools.checkstyle.checks.modifier.RedundantModifierCheck"/>
<error line="16" column="5" severity="error" message="Missing a Javadoc comment." source="com.puppycrawl.tools.checkstyle.checks.javadoc.MissingJavadocMethodCheck"/>
<error line="16" column="5" severity="error" message="Redundant &apos;public&apos; modifier." source="com.puppycrawl.tools.checkstyle.checks.modifier.RedundantModifierCheck"/>
<error line="17" severity="error" message="Line has trailing spaces." source="com.puppycrawl.tools.checkstyle.checks.regexp.RegexpSinglelineCheck"/>
</file>
</checkstyle>
